2023-03-09 21:00:12,965 INFO [Cleanup Archive for default] o.a.n.c.repository.FileSystemRepository Successfully deleted 0 files (0 bytes) from archive
2023-03-09 21:00:12,974 INFO [Cleanup Archive for default] o.a.n.c.repository.FileSystemRepository Archive cleanup completed for container default; will now allow writing to this container. Bytes used = 60.89 GB, bytes free = 945.96 GB, capacity = 1,006.85 GB
2023-03-09 21:00:16,258 INFO [pool-7-thread-1] o.a.n.c.r.WriteAheadFlowFileRepository Initiating checkpoint of FlowFile Repository
2023-03-09 21:00:16,260 INFO [pool-7-thread-1] o.a.n.c.r.WriteAheadFlowFileRepository Successfully checkpointed FlowFile Repository with 0 records in 0 milliseconds
2023-03-09 21:00:36,263 INFO [pool-7-thread-1] o.a.n.c.r.WriteAheadFlowFileRepository Initiating checkpoint of FlowFile Repository
2023-03-09 21:00:36,283 INFO [pool-7-thread-1] o.a.n.c.r.WriteAheadFlowFileRepository Successfully checkpointed FlowFile Repository with 0 records in 0 milliseconds
2023-03-09 21:00:49,155 INFO [Write-Ahead Local State Provider Maintenance] org.wali.MinimalLockingWriteAheadLog org.wali.MinimalLockingWriteAheadLog@5ad13be4 checkpointed with 8 Records and 0 Swap Files in 239 milliseconds (Stop-the-world time = 146 milliseconds, Clear Edit Logs time = 1 millis), max Transaction ID 164
2023-03-09 21:00:56,283 INFO [pool-7-thread-1] o.a.n.c.r.WriteAheadFlowFileRepository Initiating checkpoint of FlowFile Repository
2023-03-09 21:00:56,283 INFO [pool-7-thread-1] o.a.n.c.r.WriteAheadFlowFileRepository Successfully checkpointed FlowFile Repository with 0 records in 0 milliseconds
2023-03-09 21:01:14,677 INFO [Cleanup Archive for default] o.a.n.c.repository.FileSystemRepository Successfully deleted 0 files (0 bytes) from archive
2023-03-09 21:01:14,683 INFO [Cleanup Archive for default] o.a.n.c.repository.FileSystemRepository Archive cleanup completed for container default; will now allow writing to this container. Bytes used = 60.89 GB, bytes free = 945.96 GB, capacity = 1,006.85 GB
2023-03-09 21:01:16,280 INFO [pool-7-thread-1] o.a.n.c.r.WriteAheadFlowFileRepository Initiating checkpoint of FlowFile Repository
2023-03-09 21:01:16,281 INFO [pool-7-thread-1] o.a.n.c.r.WriteAheadFlowFileRepository Successfully checkpointed FlowFile Repository with 0 records in 0 milliseconds
2023-03-09 21:01:36,281 INFO [pool-7-thread-1] o.a.n.c.r.WriteAheadFlowFileRepository Initiating checkpoint of FlowFile Repository
2023-03-09 21:01:36,281 INFO [pool-7-thread-1] o.a.n.c.r.WriteAheadFlowFileRepository Successfully checkpointed FlowFile Repository with 0 records in 0 milliseconds
2023-03-09 21:01:56,282 INFO [pool-7-thread-1] o.a.n.c.r.WriteAheadFlowFileRepository Initiating checkpoint of FlowFile Repository
2023-03-09 21:01:56,282 INFO [pool-7-thread-1] o.a.n.c.r.WriteAheadFlowFileRepository Successfully checkpointed FlowFile Repository with 0 records in 0 milliseconds
2023-03-09 21:02:15,722 INFO [Cleanup Archive for default] o.a.n.c.repository.FileSystemRepository Successfully deleted 0 files (0 bytes) from archive
2023-03-09 21:02:15,734 INFO [Cleanup Archive for default] o.a.n.c.repository.FileSystemRepository Archive cleanup completed for container default; will now allow writing to this container. Bytes used = 60.89 GB, bytes free = 945.96 GB, capacity = 1,006.85 GB
2023-03-09 21:02:16,282 INFO [pool-7-thread-1] o.a.n.c.r.WriteAheadFlowFileRepository Initiating checkpoint of FlowFile Repository
2023-03-09 21:02:16,282 INFO [pool-7-thread-1] o.a.n.c.r.WriteAheadFlowFileRepository Successfully checkpointed FlowFile Repository with 0 records in 0 milliseconds
2023-03-09 21:02:36,282 INFO [pool-7-thread-1] o.a.n.c.r.WriteAheadFlowFileRepository Initiating checkpoint of FlowFile Repository
2023-03-09 21:02:36,282 INFO [pool-7-thread-1] o.a.n.c.r.WriteAheadFlowFileRepository Successfully checkpointed FlowFile Repository with 0 records in 0 milliseconds
2023-03-09 21:02:49,355 INFO [Write-Ahead Local State Provider Maintenance] org.wali.MinimalLockingWriteAheadLog org.wali.MinimalLockingWriteAheadLog@5ad13be4 checkpointed with 8 Records and 0 Swap Files in 202 milliseconds (Stop-the-world time = 150 milliseconds, Clear Edit Logs time = 1 millis), max Transaction ID 164
2023-03-09 21:02:56,282 INFO [pool-7-thread-1] o.a.n.c.r.WriteAheadFlowFileRepository Initiating checkpoint of FlowFile Repository
2023-03-09 21:02:56,282 INFO [pool-7-thread-1] o.a.n.c.r.WriteAheadFlowFileRepository Successfully checkpointed FlowFile Repository with 0 records in 0 milliseconds
2023-03-09 21:03:16,282 INFO [pool-7-thread-1] o.a.n.c.r.WriteAheadFlowFileRepository Initiating checkpoint of FlowFile Repository
2023-03-09 21:03:16,282 INFO [pool-7-thread-1] o.a.n.c.r.WriteAheadFlowFileRepository Successfully checkpointed FlowFile Repository with 0 records in 0 milliseconds
2023-03-09 21:03:16,426 INFO [Cleanup Archive for default] o.a.n.c.repository.FileSystemRepository Successfully deleted 0 files (0 bytes) from archive
2023-03-09 21:03:16,426 INFO [Cleanup Archive for default] o.a.n.c.repository.FileSystemRepository Archive cleanup completed for container default; will now allow writing to this container. Bytes used = 60.89 GB, bytes free = 945.96 GB, capacity = 1,006.85 GB
2023-03-09 21:03:36,282 INFO [pool-7-thread-1] o.a.n.c.r.WriteAheadFlowFileRepository Initiating checkpoint of FlowFile Repository
2023-03-09 21:03:36,282 INFO [pool-7-thread-1] o.a.n.c.r.WriteAheadFlowFileRepository Successfully checkpointed FlowFile Repository with 0 records in 0 milliseconds
2023-03-09 21:03:56,283 INFO [pool-7-thread-1] o.a.n.c.r.WriteAheadFlowFileRepository Initiating checkpoint of FlowFile Repository
2023-03-09 21:03:56,283 INFO [pool-7-thread-1] o.a.n.c.r.WriteAheadFlowFileRepository Successfully checkpointed FlowFile Repository with 0 records in 0 milliseconds
2023-03-09 21:04:16,282 INFO [pool-7-thread-1] o.a.n.c.r.WriteAheadFlowFileRepository Initiating checkpoint of FlowFile Repository
2023-03-09 21:04:16,295 INFO [pool-7-thread-1] o.a.n.c.r.WriteAheadFlowFileRepository Successfully checkpointed FlowFile Repository with 0 records in 0 milliseconds
2023-03-09 21:04:17,377 INFO [Cleanup Archive for default] o.a.n.c.repository.FileSystemRepository Successfully deleted 0 files (0 bytes) from archive
2023-03-09 21:04:17,377 INFO [Cleanup Archive for default] o.a.n.c.repository.FileSystemRepository Archive cleanup completed for container default; will now allow writing to this container. Bytes used = 60.89 GB, bytes free = 945.96 GB, capacity = 1,006.85 GB
2023-03-09 21:04:36,295 INFO [pool-7-thread-1] o.a.n.c.r.WriteAheadFlowFileRepository Initiating checkpoint of FlowFile Repository
2023-03-09 21:04:36,295 INFO [pool-7-thread-1] o.a.n.c.r.WriteAheadFlowFileRepository Successfully checkpointed FlowFile Repository with 0 records in 0 milliseconds
2023-03-09 21:04:49,549 INFO [Write-Ahead Local State Provider Maintenance] org.wali.MinimalLockingWriteAheadLog org.wali.MinimalLockingWriteAheadLog@5ad13be4 checkpointed with 8 Records and 0 Swap Files in 195 milliseconds (Stop-the-world time = 98 milliseconds, Clear Edit Logs time = 27 millis), max Transaction ID 164
2023-03-09 21:04:56,296 INFO [pool-7-thread-1] o.a.n.c.r.WriteAheadFlowFileRepository Initiating checkpoint of FlowFile Repository
2023-03-09 21:04:56,296 INFO [pool-7-thread-1] o.a.n.c.r.WriteAheadFlowFileRepository Successfully checkpointed FlowFile Repository with 0 records in 0 milliseconds
2023-03-09 21:05:16,296 INFO [pool-7-thread-1] o.a.n.c.r.WriteAheadFlowFileRepository Initiating checkpoint of FlowFile Repository
2023-03-09 21:05:16,312 INFO [pool-7-thread-1] o.a.n.c.r.WriteAheadFlowFileRepository Successfully checkpointed FlowFile Repository with 0 records in 0 milliseconds
2023-03-09 21:05:18,582 INFO [Cleanup Archive for default] o.a.n.c.repository.FileSystemRepository Successfully deleted 0 files (0 bytes) from archive
2023-03-09 21:05:18,586 INFO [Cleanup Archive for default] o.a.n.c.repository.FileSystemRepository Archive cleanup completed for container default; will now allow writing to this container. Bytes used = 60.89 GB, bytes free = 945.96 GB, capacity = 1,006.85 GB
2023-03-09 21:05:36,313 INFO [pool-7-thread-1] o.a.n.c.r.WriteAheadFlowFileRepository Initiating checkpoint of FlowFile Repository
2023-03-09 21:05:36,313 INFO [pool-7-thread-1] o.a.n.c.r.WriteAheadFlowFileRepository Successfully checkpointed FlowFile Repository with 0 records in 0 milliseconds
2023-03-09 21:05:56,313 INFO [pool-7-thread-1] o.a.n.c.r.WriteAheadFlowFileRepository Initiating checkpoint of FlowFile Repository
2023-03-09 21:05:56,314 INFO [pool-7-thread-1] o.a.n.c.r.WriteAheadFlowFileRepository Successfully checkpointed FlowFile Repository with 0 records in 0 milliseconds
2023-03-09 21:06:16,314 INFO [pool-7-thread-1] o.a.n.c.r.WriteAheadFlowFileRepository Initiating checkpoint of FlowFile Repository
2023-03-09 21:06:16,327 INFO [pool-7-thread-1] o.a.n.c.r.WriteAheadFlowFileRepository Successfully checkpointed FlowFile Repository with 0 records in 0 milliseconds
2023-03-09 21:06:19,954 INFO [Cleanup Archive for default] o.a.n.c.repository.FileSystemRepository Successfully deleted 0 files (0 bytes) from archive
2023-03-09 21:06:19,955 INFO [Cleanup Archive for default] o.a.n.c.repository.FileSystemRepository Archive cleanup completed for container default; will now allow writing to this container. Bytes used = 60.89 GB, bytes free = 945.96 GB, capacity = 1,006.85 GB
2023-03-09 21:06:36,327 INFO [pool-7-thread-1] o.a.n.c.r.WriteAheadFlowFileRepository Initiating checkpoint of FlowFile Repository
2023-03-09 21:06:36,328 INFO [pool-7-thread-1] o.a.n.c.r.WriteAheadFlowFileRepository Successfully checkpointed FlowFile Repository with 0 records in 0 milliseconds
2023-03-09 21:06:49,759 INFO [Write-Ahead Local State Provider Maintenance] org.wali.MinimalLockingWriteAheadLog org.wali.MinimalLockingWriteAheadLog@5ad13be4 checkpointed with 8 Records and 0 Swap Files in 208 milliseconds (Stop-the-world time = 129 milliseconds, Clear Edit Logs time = 1 millis), max Transaction ID 164
2023-03-09 21:06:56,328 INFO [pool-7-thread-1] o.a.n.c.r.WriteAheadFlowFileRepository Initiating checkpoint of FlowFile Repository
2023-03-09 21:06:56,328 INFO [pool-7-thread-1] o.a.n.c.r.WriteAheadFlowFileRepository Successfully checkpointed FlowFile Repository with 0 records in 0 milliseconds
2023-03-09 21:07:16,328 INFO [pool-7-thread-1] o.a.n.c.r.WriteAheadFlowFileRepository Initiating checkpoint of FlowFile Repository
2023-03-09 21:07:16,344 INFO [pool-7-thread-1] o.a.n.c.r.WriteAheadFlowFileRepository Successfully checkpointed FlowFile Repository with 0 records in 0 milliseconds
2023-03-09 21:07:20,713 INFO [Cleanup Archive for default] o.a.n.c.repository.FileSystemRepository Successfully deleted 0 files (0 bytes) from archive
2023-03-09 21:07:20,714 INFO [Cleanup Archive for default] o.a.n.c.repository.FileSystemRepository Archive cleanup completed for container default; will now allow writing to this container. Bytes used = 60.89 GB, bytes free = 945.96 GB, capacity = 1,006.85 GB
2023-03-09 21:07:36,344 INFO [pool-7-thread-1] o.a.n.c.r.WriteAheadFlowFileRepository Initiating checkpoint of FlowFile Repository
2023-03-09 21:07:36,344 INFO [pool-7-thread-1] o.a.n.c.r.WriteAheadFlowFileRepository Successfully checkpointed FlowFile Repository with 0 records in 0 milliseconds
2023-03-09 21:07:56,344 INFO [pool-7-thread-1] o.a.n.c.r.WriteAheadFlowFileRepository Initiating checkpoint of FlowFile Repository
2023-03-09 21:07:56,344 INFO [pool-7-thread-1] o.a.n.c.r.WriteAheadFlowFileRepository Successfully checkpointed FlowFile Repository with 0 records in 0 milliseconds
2023-03-09 21:08:16,348 INFO [pool-7-thread-1] o.a.n.c.r.WriteAheadFlowFileRepository Initiating checkpoint of FlowFile Repository
2023-03-09 21:08:16,362 INFO [pool-7-thread-1] o.a.n.c.r.WriteAheadFlowFileRepository Successfully checkpointed FlowFile Repository with 0 records in 0 milliseconds
2023-03-09 21:08:21,698 INFO [Cleanup Archive for default] o.a.n.c.repository.FileSystemRepository Successfully deleted 0 files (0 bytes) from archive
2023-03-09 21:08:21,698 INFO [Cleanup Archive for default] o.a.n.c.repository.FileSystemRepository Archive cleanup completed for container default; will now allow writing to this container. Bytes used = 60.89 GB, bytes free = 945.96 GB, capacity = 1,006.85 GB
2023-03-09 21:08:36,364 INFO [pool-7-thread-1] o.a.n.c.r.WriteAheadFlowFileRepository Initiating checkpoint of FlowFile Repository
2023-03-09 21:08:36,364 INFO [pool-7-thread-1] o.a.n.c.r.WriteAheadFlowFileRepository Successfully checkpointed FlowFile Repository with 0 records in 0 milliseconds
2023-03-09 21:08:49,993 INFO [Write-Ahead Local State Provider Maintenance] org.wali.MinimalLockingWriteAheadLog org.wali.MinimalLockingWriteAheadLog@5ad13be4 checkpointed with 8 Records and 0 Swap Files in 229 milliseconds (Stop-the-world time = 49 milliseconds, Clear Edit Logs time = 70 millis), max Transaction ID 164
2023-03-09 21:08:56,364 INFO [pool-7-thread-1] o.a.n.c.r.WriteAheadFlowFileRepository Initiating checkpoint of FlowFile Repository
2023-03-09 21:08:56,364 INFO [pool-7-thread-1] o.a.n.c.r.WriteAheadFlowFileRepository Successfully checkpointed FlowFile Repository with 0 records in 0 milliseconds
2023-03-09 21:09:16,363 INFO [pool-7-thread-1] o.a.n.c.r.WriteAheadFlowFileRepository Initiating checkpoint of FlowFile Repository
2023-03-09 21:09:16,379 INFO [pool-7-thread-1] o.a.n.c.r.WriteAheadFlowFileRepository Successfully checkpointed FlowFile Repository with 0 records in 0 milliseconds
2023-03-09 21:09:22,620 INFO [Cleanup Archive for default] o.a.n.c.repository.FileSystemRepository Successfully deleted 0 files (0 bytes) from archive
2023-03-09 21:09:22,620 INFO [Cleanup Archive for default] o.a.n.c.repository.FileSystemRepository Archive cleanup completed for container default; will now allow writing to this container. Bytes used = 60.89 GB, bytes free = 945.96 GB, capacity = 1,006.85 GB
2023-03-09 21:09:36,379 INFO [pool-7-thread-1] o.a.n.c.r.WriteAheadFlowFileRepository Initiating checkpoint of FlowFile Repository
2023-03-09 21:09:36,379 INFO [pool-7-thread-1] o.a.n.c.r.WriteAheadFlowFileRepository Successfully checkpointed FlowFile Repository with 0 records in 0 milliseconds
2023-03-09 21:09:56,379 INFO [pool-7-thread-1] o.a.n.c.r.WriteAheadFlowFileRepository Initiating checkpoint of FlowFile Repository
2023-03-09 21:09:56,380 INFO [pool-7-thread-1] o.a.n.c.r.WriteAheadFlowFileRepository Successfully checkpointed FlowFile Repository with 0 records in 0 milliseconds
2023-03-09 21:10:16,381 INFO [pool-7-thread-1] o.a.n.c.r.WriteAheadFlowFileRepository Initiating checkpoint of FlowFile Repository
2023-03-09 21:10:16,389 INFO [pool-7-thread-1] o.a.n.c.r.WriteAheadFlowFileRepository Successfully checkpointed FlowFile Repository with 0 records in 0 milliseconds
2023-03-09 21:10:23,896 INFO [Cleanup Archive for default] o.a.n.c.repository.FileSystemRepository Successfully deleted 0 files (0 bytes) from archive
2023-03-09 21:10:23,896 INFO [Cleanup Archive for default] o.a.n.c.repository.FileSystemRepository Archive cleanup completed for container default; will now allow writing to this container. Bytes used = 60.89 GB, bytes free = 945.96 GB, capacity = 1,006.85 GB
2023-03-09 21:10:36,391 INFO [pool-7-thread-1] o.a.n.c.r.WriteAheadFlowFileRepository Initiating checkpoint of FlowFile Repository
2023-03-09 21:10:36,391 INFO [pool-7-thread-1] o.a.n.c.r.WriteAheadFlowFileRepository Successfully checkpointed FlowFile Repository with 0 records in 0 milliseconds
2023-03-09 21:10:50,209 INFO [Write-Ahead Local State Provider Maintenance] org.wali.MinimalLockingWriteAheadLog org.wali.MinimalLockingWriteAheadLog@5ad13be4 checkpointed with 8 Records and 0 Swap Files in 214 milliseconds (Stop-the-world time = 139 milliseconds, Clear Edit Logs time = 0 millis), max Transaction ID 164
2023-03-09 21:10:56,391 INFO [pool-7-thread-1] o.a.n.c.r.WriteAheadFlowFileRepository Initiating checkpoint of FlowFile Repository
2023-03-09 21:10:56,391 INFO [pool-7-thread-1] o.a.n.c.r.WriteAheadFlowFileRepository Successfully checkpointed FlowFile Repository with 0 records in 0 milliseconds
2023-03-09 21:11:16,392 INFO [pool-7-thread-1] o.a.n.c.r.WriteAheadFlowFileRepository Initiating checkpoint of FlowFile Repository
2023-03-09 21:11:16,406 INFO [pool-7-thread-1] o.a.n.c.r.WriteAheadFlowFileRepository Successfully checkpointed FlowFile Repository with 0 records in 0 milliseconds
2023-03-09 21:11:25,043 INFO [Cleanup Archive for default] o.a.n.c.repository.FileSystemRepository Successfully deleted 0 files (0 bytes) from archive
2023-03-09 21:11:25,044 INFO [Cleanup Archive for default] o.a.n.c.repository.FileSystemRepository Archive cleanup completed for container default; will now allow writing to this container. Bytes used = 60.89 GB, bytes free = 945.96 GB, capacity = 1,006.85 GB
2023-03-09 21:11:36,408 INFO [pool-7-thread-1] o.a.n.c.r.WriteAheadFlowFileRepository Initiating checkpoint of FlowFile Repository
2023-03-09 21:11:36,410 INFO [pool-7-thread-1] o.a.n.c.r.WriteAheadFlowFileRepository Successfully checkpointed FlowFile Repository with 0 records in 0 milliseconds
2023-03-09 21:11:56,410 INFO [pool-7-thread-1] o.a.n.c.r.WriteAheadFlowFileRepository Initiating checkpoint of FlowFile Repository
2023-03-09 21:11:56,420 INFO [pool-7-thread-1] o.a.n.c.r.WriteAheadFlowFileRepository Successfully checkpointed FlowFile Repository with 0 records in 0 milliseconds
2023-03-09 21:12:16,422 INFO [pool-7-thread-1] o.a.n.c.r.WriteAheadFlowFileRepository Initiating checkpoint of FlowFile Repository
2023-03-09 21:12:16,434 INFO [pool-7-thread-1] o.a.n.c.r.WriteAheadFlowFileRepository Successfully checkpointed FlowFile Repository with 0 records in 0 milliseconds
2023-03-09 21:12:26,177 INFO [Cleanup Archive for default] o.a.n.c.repository.FileSystemRepository Successfully deleted 0 files (0 bytes) from archive
2023-03-09 21:12:26,177 INFO [Cleanup Archive for default] o.a.n.c.repository.FileSystemRepository Archive cleanup completed for container default; will now allow writing to this container. Bytes used = 60.89 GB, bytes free = 945.96 GB, capacity = 1,006.85 GB
2023-03-09 21:12:36,437 INFO [pool-7-thread-1] o.a.n.c.r.WriteAheadFlowFileRepository Initiating checkpoint of FlowFile Repository
2023-03-09 21:12:36,438 INFO [pool-7-thread-1] o.a.n.c.r.WriteAheadFlowFileRepository Successfully checkpointed FlowFile Repository with 0 records in 0 milliseconds
2023-03-09 21:12:50,465 INFO [Write-Ahead Local State Provider Maintenance] org.wali.MinimalLockingWriteAheadLog org.wali.MinimalLockingWriteAheadLog@5ad13be4 checkpointed with 8 Records and 0 Swap Files in 247 milliseconds (Stop-the-world time = 187 milliseconds, Clear Edit Logs time = 2 millis), max Transaction ID 164
2023-03-09 21:12:56,438 INFO [pool-7-thread-1] o.a.n.c.r.WriteAheadFlowFileRepository Initiating checkpoint of FlowFile Repository
2023-03-09 21:12:56,438 INFO [pool-7-thread-1] o.a.n.c.r.WriteAheadFlowFileRepository Successfully checkpointed FlowFile Repository with 0 records in 0 milliseconds
2023-03-09 21:13:16,438 INFO [pool-7-thread-1] o.a.n.c.r.WriteAheadFlowFileRepository Initiating checkpoint of FlowFile Repository
2023-03-09 21:13:16,459 INFO [pool-7-thread-1] o.a.n.c.r.WriteAheadFlowFileRepository Successfully checkpointed FlowFile Repository with 0 records in 0 milliseconds
2023-03-09 21:13:27,269 INFO [Cleanup Archive for default] o.a.n.c.repository.FileSystemRepository Successfully deleted 0 files (0 bytes) from archive
2023-03-09 21:13:27,270 INFO [Cleanup Archive for default] o.a.n.c.repository.FileSystemRepository Archive cleanup completed for container default; will now allow writing to this container. Bytes used = 60.89 GB, bytes free = 945.96 GB, capacity = 1,006.85 GB
2023-03-09 21:13:36,462 INFO [pool-7-thread-1] o.a.n.c.r.WriteAheadFlowFileRepository Initiating checkpoint of FlowFile Repository
2023-03-09 21:13:36,462 INFO [pool-7-thread-1] o.a.n.c.r.WriteAheadFlowFileRepository Successfully checkpointed FlowFile Repository with 0 records in 0 milliseconds
2023-03-09 21:13:56,462 INFO [pool-7-thread-1] o.a.n.c.r.WriteAheadFlowFileRepository Initiating checkpoint of FlowFile Repository
2023-03-09 21:13:56,474 INFO [pool-7-thread-1] o.a.n.c.r.WriteAheadFlowFileRepository Successfully checkpointed FlowFile Repository with 0 records in 0 milliseconds
2023-03-09 21:14:16,476 INFO [pool-7-thread-1] o.a.n.c.r.WriteAheadFlowFileRepository Initiating checkpoint of FlowFile Repository
2023-03-09 21:14:16,513 INFO [pool-7-thread-1] o.a.n.c.r.WriteAheadFlowFileRepository Successfully checkpointed FlowFile Repository with 0 records in 0 milliseconds
2023-03-09 21:14:28,487 INFO [Cleanup Archive for default] o.a.n.c.repository.FileSystemRepository Successfully deleted 0 files (0 bytes) from archive
2023-03-09 21:14:28,487 INFO [Cleanup Archive for default] o.a.n.c.repository.FileSystemRepository Archive cleanup completed for container default; will now allow writing to this container. Bytes used = 60.89 GB, bytes free = 945.96 GB, capacity = 1,006.85 GB
2023-03-09 21:14:36,515 INFO [pool-7-thread-1] o.a.n.c.r.WriteAheadFlowFileRepository Initiating checkpoint of FlowFile Repository
2023-03-09 21:14:36,516 INFO [pool-7-thread-1] o.a.n.c.r.WriteAheadFlowFileRepository Successfully checkpointed FlowFile Repository with 0 records in 0 milliseconds
2023-03-09 21:14:50,661 INFO [Write-Ahead Local State Provider Maintenance] org.wali.MinimalLockingWriteAheadLog org.wali.MinimalLockingWriteAheadLog@5ad13be4 checkpointed with 8 Records and 0 Swap Files in 186 milliseconds (Stop-the-world time = 133 milliseconds, Clear Edit Logs time = 1 millis), max Transaction ID 164
2023-03-09 21:14:56,516 INFO [pool-7-thread-1] o.a.n.c.r.WriteAheadFlowFileRepository Initiating checkpoint of FlowFile Repository
2023-03-09 21:14:56,516 INFO [pool-7-thread-1] o.a.n.c.r.WriteAheadFlowFileRepository Successfully checkpointed FlowFile Repository with 0 records in 0 milliseconds
2023-03-09 21:15:16,518 INFO [pool-7-thread-1] o.a.n.c.r.WriteAheadFlowFileRepository Initiating checkpoint of FlowFile Repository
2023-03-09 21:15:16,544 INFO [pool-7-thread-1] o.a.n.c.r.WriteAheadFlowFileRepository Successfully checkpointed FlowFile Repository with 0 records in 0 milliseconds
2023-03-09 21:15:29,563 INFO [Cleanup Archive for default] o.a.n.c.repository.FileSystemRepository Successfully deleted 0 files (0 bytes) from archive
2023-03-09 21:15:29,563 INFO [Cleanup Archive for default] o.a.n.c.repository.FileSystemRepository Archive cleanup completed for container default; will now allow writing to this container. Bytes used = 60.89 GB, bytes free = 945.96 GB, capacity = 1,006.85 GB
2023-03-09 21:15:36,546 INFO [pool-7-thread-1] o.a.n.c.r.WriteAheadFlowFileRepository Initiating checkpoint of FlowFile Repository
2023-03-09 21:15:36,546 INFO [pool-7-thread-1] o.a.n.c.r.WriteAheadFlowFileRepository Successfully checkpointed FlowFile Repository with 0 records in 0 milliseconds
2023-03-09 21:15:56,546 INFO [pool-7-thread-1] o.a.n.c.r.WriteAheadFlowFileRepository Initiating checkpoint of FlowFile Repository
2023-03-09 21:15:56,547 INFO [pool-7-thread-1] o.a.n.c.r.WriteAheadFlowFileRepository Successfully checkpointed FlowFile Repository with 0 records in 0 milliseconds
2023-03-09 21:16:16,548 INFO [pool-7-thread-1] o.a.n.c.r.WriteAheadFlowFileRepository Initiating checkpoint of FlowFile Repository
2023-03-09 21:16:16,549 INFO [pool-7-thread-1] o.a.n.c.r.WriteAheadFlowFileRepository Successfully checkpointed FlowFile Repository with 0 records in 0 milliseconds
2023-03-09 21:16:29,617 INFO [Cleanup Archive for default] o.a.n.c.repository.FileSystemRepository Successfully deleted 0 files (0 bytes) from archive
2023-03-09 21:16:29,617 INFO [Cleanup Archive for default] o.a.n.c.repository.FileSystemRepository Archive cleanup completed for container default; will now allow writing to this container. Bytes used = 60.89 GB, bytes free = 945.96 GB, capacity = 1,006.85 GB
2023-03-09 21:16:36,550 INFO [pool-7-thread-1] o.a.n.c.r.WriteAheadFlowFileRepository Initiating checkpoint of FlowFile Repository
2023-03-09 21:16:36,550 INFO [pool-7-thread-1] o.a.n.c.r.WriteAheadFlowFileRepository Successfully checkpointed FlowFile Repository with 0 records in 0 milliseconds
2023-03-09 21:16:50,894 INFO [Write-Ahead Local State Provider Maintenance] org.wali.MinimalLockingWriteAheadLog org.wali.MinimalLockingWriteAheadLog@5ad13be4 checkpointed with 8 Records and 0 Swap Files in 226 milliseconds (Stop-the-world time = 146 milliseconds, Clear Edit Logs time = 18 millis), max Transaction ID 164
2023-03-09 21:16:56,550 INFO [pool-7-thread-1] o.a.n.c.r.WriteAheadFlowFileRepository Initiating checkpoint of FlowFile Repository
2023-03-09 21:16:56,550 INFO [pool-7-thread-1] o.a.n.c.r.WriteAheadFlowFileRepository Successfully checkpointed FlowFile Repository with 0 records in 0 milliseconds
2023-03-09 21:17:16,551 INFO [pool-7-thread-1] o.a.n.c.r.WriteAheadFlowFileRepository Initiating checkpoint of FlowFile Repository
2023-03-09 21:17:16,551 INFO [pool-7-thread-1] o.a.n.c.r.WriteAheadFlowFileRepository Successfully checkpointed FlowFile Repository with 0 records in 0 milliseconds
2023-03-09 21:17:29,823 INFO [Cleanup Archive for default] o.a.n.c.repository.FileSystemRepository Successfully deleted 0 files (0 bytes) from archive
2023-03-09 21:17:29,823 INFO [Cleanup Archive for default] o.a.n.c.repository.FileSystemRepository Archive cleanup completed for container default; will now allow writing to this container. Bytes used = 60.89 GB, bytes free = 945.96 GB, capacity = 1,006.85 GB
2023-03-09 21:17:36,551 INFO [pool-7-thread-1] o.a.n.c.r.WriteAheadFlowFileRepository Initiating checkpoint of FlowFile Repository
2023-03-09 21:17:36,552 INFO [pool-7-thread-1] o.a.n.c.r.WriteAheadFlowFileRepository Successfully checkpointed FlowFile Repository with 0 records in 0 milliseconds
2023-03-09 21:17:56,552 INFO [pool-7-thread-1] o.a.n.c.r.WriteAheadFlowFileRepository Initiating checkpoint of FlowFile Repository
2023-03-09 21:17:56,552 INFO [pool-7-thread-1] o.a.n.c.r.WriteAheadFlowFileRepository Successfully checkpointed FlowFile Repository with 0 records in 0 milliseconds
2023-03-09 21:18:16,552 INFO [pool-7-thread-1] o.a.n.c.r.WriteAheadFlowFileRepository Initiating checkpoint of FlowFile Repository
2023-03-09 21:18:16,552 INFO [pool-7-thread-1] o.a.n.c.r.WriteAheadFlowFileRepository Successfully checkpointed FlowFile Repository with 0 records in 0 milliseconds
2023-03-09 21:18:29,826 INFO [Cleanup Archive for default] o.a.n.c.repository.FileSystemRepository Successfully deleted 0 files (0 bytes) from archive
2023-03-09 21:18:29,827 INFO [Cleanup Archive for default] o.a.n.c.repository.FileSystemRepository Archive cleanup completed for container default; will now allow writing to this container. Bytes used = 60.89 GB, bytes free = 945.96 GB, capacity = 1,006.85 GB
2023-03-09 21:18:36,552 INFO [pool-7-thread-1] o.a.n.c.r.WriteAheadFlowFileRepository Initiating checkpoint of FlowFile Repository
2023-03-09 21:18:36,552 INFO [pool-7-thread-1] o.a.n.c.r.WriteAheadFlowFileRepository Successfully checkpointed FlowFile Repository with 0 records in 0 milliseconds
2023-03-09 21:18:51,065 INFO [Write-Ahead Local State Provider Maintenance] org.wali.MinimalLockingWriteAheadLog org.wali.MinimalLockingWriteAheadLog@5ad13be4 checkpointed with 8 Records and 0 Swap Files in 157 milliseconds (Stop-the-world time = 16 milliseconds, Clear Edit Logs time = 0 millis), max Transaction ID 164
2023-03-09 21:18:56,553 INFO [pool-7-thread-1] o.a.n.c.r.WriteAheadFlowFileRepository Initiating checkpoint of FlowFile Repository
2023-03-09 21:18:56,553 INFO [pool-7-thread-1] o.a.n.c.r.WriteAheadFlowFileRepository Successfully checkpointed FlowFile Repository with 0 records in 0 milliseconds
2023-03-09 21:19:16,553 INFO [pool-7-thread-1] o.a.n.c.r.WriteAheadFlowFileRepository Initiating checkpoint of FlowFile Repository
2023-03-09 21:19:16,553 INFO [pool-7-thread-1] o.a.n.c.r.WriteAheadFlowFileRepository Successfully checkpointed FlowFile Repository with 0 records in 0 milliseconds
2023-03-09 21:19:29,829 INFO [Cleanup Archive for default] o.a.n.c.repository.FileSystemRepository Successfully deleted 0 files (0 bytes) from archive
2023-03-09 21:19:29,829 INFO [Cleanup Archive for default] o.a.n.c.repository.FileSystemRepository Archive cleanup completed for container default; will now allow writing to this container. Bytes used = 60.89 GB, bytes free = 945.96 GB, capacity = 1,006.85 GB
2023-03-09 21:19:36,553 INFO [pool-7-thread-1] o.a.n.c.r.WriteAheadFlowFileRepository Initiating checkpoint of FlowFile Repository
2023-03-09 21:19:36,553 INFO [pool-7-thread-1] o.a.n.c.r.WriteAheadFlowFileRepository Successfully checkpointed FlowFile Repository with 0 records in 0 milliseconds
2023-03-09 21:19:56,553 INFO [pool-7-thread-1] o.a.n.c.r.WriteAheadFlowFileRepository Initiating checkpoint of FlowFile Repository
2023-03-09 21:19:56,553 INFO [pool-7-thread-1] o.a.n.c.r.WriteAheadFlowFileRepository Successfully checkpointed FlowFile Repository with 0 records in 0 milliseconds
2023-03-09 21:20:16,553 INFO [pool-7-thread-1] o.a.n.c.r.WriteAheadFlowFileRepository Initiating checkpoint of FlowFile Repository
2023-03-09 21:20:16,554 INFO [pool-7-thread-1] o.a.n.c.r.WriteAheadFlowFileRepository Successfully checkpointed FlowFile Repository with 0 records in 0 milliseconds
2023-03-09 21:20:29,831 INFO [Cleanup Archive for default] o.a.n.c.repository.FileSystemRepository Successfully deleted 0 files (0 bytes) from archive
2023-03-09 21:20:29,831 INFO [Cleanup Archive for default] o.a.n.c.repository.FileSystemRepository Archive cleanup completed for container default; will now allow writing to this container. Bytes used = 60.89 GB, bytes free = 945.96 GB, capacity = 1,006.85 GB
2023-03-09 21:20:36,554 INFO [pool-7-thread-1] o.a.n.c.r.WriteAheadFlowFileRepository Initiating checkpoint of FlowFile Repository
2023-03-09 21:20:36,554 INFO [pool-7-thread-1] o.a.n.c.r.WriteAheadFlowFileRepository Successfully checkpointed FlowFile Repository with 0 records in 0 milliseconds
2023-03-09 21:20:51,122 INFO [Write-Ahead Local State Provider Maintenance] org.wali.MinimalLockingWriteAheadLog org.wali.MinimalLockingWriteAheadLog@5ad13be4 checkpointed with 8 Records and 0 Swap Files in 56 milliseconds (Stop-the-world time = 0 milliseconds, Clear Edit Logs time = 0 millis), max Transaction ID 164
2023-03-09 21:20:56,554 INFO [pool-7-thread-1] o.a.n.c.r.WriteAheadFlowFileRepository Initiating checkpoint of FlowFile Repository
2023-03-09 21:20:56,554 INFO [pool-7-thread-1] o.a.n.c.r.WriteAheadFlowFileRepository Successfully checkpointed FlowFile Repository with 0 records in 0 milliseconds
2023-03-09 21:21:16,554 INFO [pool-7-thread-1] o.a.n.c.r.WriteAheadFlowFileRepository Initiating checkpoint of FlowFile Repository
2023-03-09 21:21:16,554 INFO [pool-7-thread-1] o.a.n.c.r.WriteAheadFlowFileRepository Successfully checkpointed FlowFile Repository with 0 records in 0 milliseconds
2023-03-09 21:21:30,459 INFO [Cleanup Archive for default] o.a.n.c.repository.FileSystemRepository Successfully deleted 0 files (0 bytes) from archive
2023-03-09 21:21:30,460 INFO [Cleanup Archive for default] o.a.n.c.repository.FileSystemRepository Archive cleanup completed for container default; will now allow writing to this container. Bytes used = 60.89 GB, bytes free = 945.96 GB, capacity = 1,006.85 GB
2023-03-09 21:21:36,554 INFO [pool-7-thread-1] o.a.n.c.r.WriteAheadFlowFileRepository Initiating checkpoint of FlowFile Repository
2023-03-09 21:21:36,554 INFO [pool-7-thread-1] o.a.n.c.r.WriteAheadFlowFileRepository Successfully checkpointed FlowFile Repository with 0 records in 0 milliseconds
2023-03-09 21:21:56,554 INFO [pool-7-thread-1] o.a.n.c.r.WriteAheadFlowFileRepository Initiating checkpoint of FlowFile Repository
2023-03-09 21:21:56,555 INFO [pool-7-thread-1] o.a.n.c.r.WriteAheadFlowFileRepository Successfully checkpointed FlowFile Repository with 0 records in 0 milliseconds
2023-03-09 21:22:16,555 INFO [pool-7-thread-1] o.a.n.c.r.WriteAheadFlowFileRepository Initiating checkpoint of FlowFile Repository
2023-03-09 21:22:16,555 INFO [pool-7-thread-1] o.a.n.c.r.WriteAheadFlowFileRepository Successfully checkpointed FlowFile Repository with 0 records in 0 milliseconds
2023-03-09 21:22:30,821 INFO [Cleanup Archive for default] o.a.n.c.repository.FileSystemRepository Successfully deleted 0 files (0 bytes) from archive
2023-03-09 21:22:30,822 INFO [Cleanup Archive for default] o.a.n.c.repository.FileSystemRepository Archive cleanup completed for container default; will now allow writing to this container. Bytes used = 60.89 GB, bytes free = 945.96 GB, capacity = 1,006.85 GB
2023-03-09 21:22:36,555 INFO [pool-7-thread-1] o.a.n.c.r.WriteAheadFlowFileRepository Initiating checkpoint of FlowFile Repository
2023-03-09 21:22:36,555 INFO [pool-7-thread-1] o.a.n.c.r.WriteAheadFlowFileRepository Successfully checkpointed FlowFile Repository with 0 records in 0 milliseconds
2023-03-09 21:22:51,285 INFO [Write-Ahead Local State Provider Maintenance] org.wali.MinimalLockingWriteAheadLog org.wali.MinimalLockingWriteAheadLog@5ad13be4 checkpointed with 8 Records and 0 Swap Files in 164 milliseconds (Stop-the-world time = 107 milliseconds, Clear Edit Logs time = 1 millis), max Transaction ID 164
2023-03-09 21:22:56,555 INFO [pool-7-thread-1] o.a.n.c.r.WriteAheadFlowFileRepository Initiating checkpoint of FlowFile Repository
2023-03-09 21:22:56,555 INFO [pool-7-thread-1] o.a.n.c.r.WriteAheadFlowFileRepository Successfully checkpointed FlowFile Repository with 0 records in 0 milliseconds
2023-03-09 21:23:16,555 INFO [pool-7-thread-1] o.a.n.c.r.WriteAheadFlowFileRepository Initiating checkpoint of FlowFile Repository
2023-03-09 21:23:16,555 INFO [pool-7-thread-1] o.a.n.c.r.WriteAheadFlowFileRepository Successfully checkpointed FlowFile Repository with 0 records in 0 milliseconds
2023-03-09 21:23:30,824 INFO [Cleanup Archive for default] o.a.n.c.repository.FileSystemRepository Successfully deleted 0 files (0 bytes) from archive
2023-03-09 21:23:30,824 INFO [Cleanup Archive for default] o.a.n.c.repository.FileSystemRepository Archive cleanup completed for container default; will now allow writing to this container. Bytes used = 60.89 GB, bytes free = 945.96 GB, capacity = 1,006.85 GB
2023-03-09 21:23:36,555 INFO [pool-7-thread-1] o.a.n.c.r.WriteAheadFlowFileRepository Initiating checkpoint of FlowFile Repository
2023-03-09 21:23:36,555 INFO [pool-7-thread-1] o.a.n.c.r.WriteAheadFlowFileRepository Successfully checkpointed FlowFile Repository with 0 records in 0 milliseconds
2023-03-09 21:23:56,556 INFO [pool-7-thread-1] o.a.n.c.r.WriteAheadFlowFileRepository Initiating checkpoint of FlowFile Repository
2023-03-09 21:23:56,556 INFO [pool-7-thread-1] o.a.n.c.r.WriteAheadFlowFileRepository Successfully checkpointed FlowFile Repository with 0 records in 0 milliseconds
2023-03-09 21:24:16,556 INFO [pool-7-thread-1] o.a.n.c.r.WriteAheadFlowFileRepository Initiating checkpoint of FlowFile Repository
2023-03-09 21:24:16,556 INFO [pool-7-thread-1] o.a.n.c.r.WriteAheadFlowFileRepository Successfully checkpointed FlowFile Repository with 0 records in 0 milliseconds
2023-03-09 21:24:30,826 INFO [Cleanup Archive for default] o.a.n.c.repository.FileSystemRepository Successfully deleted 0 files (0 bytes) from archive
2023-03-09 21:24:30,829 INFO [Cleanup Archive for default] o.a.n.c.repository.FileSystemRepository Archive cleanup completed for container default; will now allow writing to this container. Bytes used = 60.89 GB, bytes free = 945.96 GB, capacity = 1,006.85 GB
2023-03-09 21:24:36,556 INFO [pool-7-thread-1] o.a.n.c.r.WriteAheadFlowFileRepository Initiating checkpoint of FlowFile Repository
2023-03-09 21:24:36,556 INFO [pool-7-thread-1] o.a.n.c.r.WriteAheadFlowFileRepository Successfully checkpointed FlowFile Repository with 0 records in 0 milliseconds
2023-03-09 21:24:51,351 INFO [Write-Ahead Local State Provider Maintenance] org.wali.MinimalLockingWriteAheadLog org.wali.MinimalLockingWriteAheadLog@5ad13be4 checkpointed with 8 Records and 0 Swap Files in 65 milliseconds (Stop-the-world time = 0 milliseconds, Clear Edit Logs time = 0 millis), max Transaction ID 164
2023-03-09 21:24:56,556 INFO [pool-7-thread-1] o.a.n.c.r.WriteAheadFlowFileRepository Initiating checkpoint of FlowFile Repository
2023-03-09 21:24:56,557 INFO [pool-7-thread-1] o.a.n.c.r.WriteAheadFlowFileRepository Successfully checkpointed FlowFile Repository with 0 records in 0 milliseconds
2023-03-09 21:25:16,557 INFO [pool-7-thread-1] o.a.n.c.r.WriteAheadFlowFileRepository Initiating checkpoint of FlowFile Repository
2023-03-09 21:25:16,557 INFO [pool-7-thread-1] o.a.n.c.r.WriteAheadFlowFileRepository Successfully checkpointed FlowFile Repository with 0 records in 0 milliseconds
2023-03-09 21:25:30,838 INFO [Cleanup Archive for default] o.a.n.c.repository.FileSystemRepository Successfully deleted 0 files (0 bytes) from archive
2023-03-09 21:25:30,839 INFO [Cleanup Archive for default] o.a.n.c.repository.FileSystemRepository Archive cleanup completed for container default; will now allow writing to this container. Bytes used = 60.89 GB, bytes free = 945.96 GB, capacity = 1,006.85 GB
2023-03-09 21:25:36,557 INFO [pool-7-thread-1] o.a.n.c.r.WriteAheadFlowFileRepository Initiating checkpoint of FlowFile Repository
2023-03-09 21:25:36,557 INFO [pool-7-thread-1] o.a.n.c.r.WriteAheadFlowFileRepository Successfully checkpointed FlowFile Repository with 0 records in 0 milliseconds
2023-03-09 21:25:56,557 INFO [pool-7-thread-1] o.a.n.c.r.WriteAheadFlowFileRepository Initiating checkpoint of FlowFile Repository
2023-03-09 21:25:56,557 INFO [pool-7-thread-1] o.a.n.c.r.WriteAheadFlowFileRepository Successfully checkpointed FlowFile Repository with 0 records in 0 milliseconds
2023-03-09 21:26:16,557 INFO [pool-7-thread-1] o.a.n.c.r.WriteAheadFlowFileRepository Initiating checkpoint of FlowFile Repository
2023-03-09 21:26:16,557 INFO [pool-7-thread-1] o.a.n.c.r.WriteAheadFlowFileRepository Successfully checkpointed FlowFile Repository with 0 records in 0 milliseconds
2023-03-09 21:26:30,841 INFO [Cleanup Archive for default] o.a.n.c.repository.FileSystemRepository Successfully deleted 0 files (0 bytes) from archive
2023-03-09 21:26:30,841 INFO [Cleanup Archive for default] o.a.n.c.repository.FileSystemRepository Archive cleanup completed for container default; will now allow writing to this container. Bytes used = 60.89 GB, bytes free = 945.96 GB, capacity = 1,006.85 GB
2023-03-09 21:26:36,557 INFO [pool-7-thread-1] o.a.n.c.r.WriteAheadFlowFileRepository Initiating checkpoint of FlowFile Repository
2023-03-09 21:26:36,557 INFO [pool-7-thread-1] o.a.n.c.r.WriteAheadFlowFileRepository Successfully checkpointed FlowFile Repository with 0 records in 0 milliseconds
2023-03-09 21:26:51,410 INFO [Write-Ahead Local State Provider Maintenance] org.wali.MinimalLockingWriteAheadLog org.wali.MinimalLockingWriteAheadLog@5ad13be4 checkpointed with 8 Records and 0 Swap Files in 58 milliseconds (Stop-the-world time = 0 milliseconds, Clear Edit Logs time = 0 millis), max Transaction ID 164
2023-03-09 21:26:56,558 INFO [pool-7-thread-1] o.a.n.c.r.WriteAheadFlowFileRepository Initiating checkpoint of FlowFile Repository
2023-03-09 21:26:56,558 INFO [pool-7-thread-1] o.a.n.c.r.WriteAheadFlowFileRepository Successfully checkpointed FlowFile Repository with 0 records in 0 milliseconds
2023-03-09 21:27:16,558 INFO [pool-7-thread-1] o.a.n.c.r.WriteAheadFlowFileRepository Initiating checkpoint of FlowFile Repository
2023-03-09 21:27:16,558 INFO [pool-7-thread-1] o.a.n.c.r.WriteAheadFlowFileRepository Successfully checkpointed FlowFile Repository with 0 records in 0 milliseconds
2023-03-09 21:27:30,843 INFO [Cleanup Archive for default] o.a.n.c.repository.FileSystemRepository Successfully deleted 0 files (0 bytes) from archive
2023-03-09 21:27:30,844 INFO [Cleanup Archive for default] o.a.n.c.repository.FileSystemRepository Archive cleanup completed for container default; will now allow writing to this container. Bytes used = 60.89 GB, bytes free = 945.96 GB, capacity = 1,006.85 GB
2023-03-09 21:27:36,561 INFO [pool-7-thread-1] o.a.n.c.r.WriteAheadFlowFileRepository Initiating checkpoint of FlowFile Repository
2023-03-09 21:27:36,561 INFO [pool-7-thread-1] o.a.n.c.r.WriteAheadFlowFileRepository Successfully checkpointed FlowFile Repository with 0 records in 0 milliseconds
2023-03-09 21:27:56,561 INFO [pool-7-thread-1] o.a.n.c.r.WriteAheadFlowFileRepository Initiating checkpoint of FlowFile Repository
2023-03-09 21:27:56,561 INFO [pool-7-thread-1] o.a.n.c.r.WriteAheadFlowFileRepository Successfully checkpointed FlowFile Repository with 0 records in 0 milliseconds
2023-03-09 21:28:16,562 INFO [pool-7-thread-1] o.a.n.c.r.WriteAheadFlowFileRepository Initiating checkpoint of FlowFile Repository
2023-03-09 21:28:16,562 INFO [pool-7-thread-1] o.a.n.c.r.WriteAheadFlowFileRepository Successfully checkpointed FlowFile Repository with 0 records in 0 milliseconds
2023-03-09 21:28:31,571 INFO [Cleanup Archive for default] o.a.n.c.repository.FileSystemRepository Successfully deleted 0 files (0 bytes) from archive
2023-03-09 21:28:31,572 INFO [Cleanup Archive for default] o.a.n.c.repository.FileSystemRepository Archive cleanup completed for container default; will now allow writing to this container. Bytes used = 60.89 GB, bytes free = 945.96 GB, capacity = 1,006.85 GB
2023-03-09 21:28:36,562 INFO [pool-7-thread-1] o.a.n.c.r.WriteAheadFlowFileRepository Initiating checkpoint of FlowFile Repository
2023-03-09 21:28:36,562 INFO [pool-7-thread-1] o.a.n.c.r.WriteAheadFlowFileRepository Successfully checkpointed FlowFile Repository with 0 records in 0 milliseconds
2023-03-09 21:28:51,483 INFO [Write-Ahead Local State Provider Maintenance] org.wali.MinimalLockingWriteAheadLog org.wali.MinimalLockingWriteAheadLog@5ad13be4 checkpointed with 8 Records and 0 Swap Files in 70 milliseconds (Stop-the-world time = 14 milliseconds, Clear Edit Logs time = 0 millis), max Transaction ID 164
2023-03-09 21:28:56,562 INFO [pool-7-thread-1] o.a.n.c.r.WriteAheadFlowFileRepository Initiating checkpoint of FlowFile Repository
2023-03-09 21:28:56,563 INFO [pool-7-thread-1] o.a.n.c.r.WriteAheadFlowFileRepository Successfully checkpointed FlowFile Repository with 0 records in 0 milliseconds
2023-03-09 21:29:16,562 INFO [pool-7-thread-1] o.a.n.c.r.WriteAheadFlowFileRepository Initiating checkpoint of FlowFile Repository
2023-03-09 21:29:16,563 INFO [pool-7-thread-1] o.a.n.c.r.WriteAheadFlowFileRepository Successfully checkpointed FlowFile Repository with 0 records in 0 milliseconds
2023-03-09 21:29:31,991 INFO [Cleanup Archive for default] o.a.n.c.repository.FileSystemRepository Successfully deleted 0 files (0 bytes) from archive
2023-03-09 21:29:32,001 INFO [Cleanup Archive for default] o.a.n.c.repository.FileSystemRepository Archive cleanup completed for container default; will now allow writing to this container. Bytes used = 60.89 GB, bytes free = 945.96 GB, capacity = 1,006.85 GB
2023-03-09 21:29:36,563 INFO [pool-7-thread-1] o.a.n.c.r.WriteAheadFlowFileRepository Initiating checkpoint of FlowFile Repository
2023-03-09 21:29:36,563 INFO [pool-7-thread-1] o.a.n.c.r.WriteAheadFlowFileRepository Successfully checkpointed FlowFile Repository with 0 records in 0 milliseconds
2023-03-09 21:29:56,563 INFO [pool-7-thread-1] o.a.n.c.r.WriteAheadFlowFileRepository Initiating checkpoint of FlowFile Repository
2023-03-09 21:29:56,563 INFO [pool-7-thread-1] o.a.n.c.r.WriteAheadFlowFileRepository Successfully checkpointed FlowFile Repository with 0 records in 0 milliseconds
2023-03-09 21:30:16,563 INFO [pool-7-thread-1] o.a.n.c.r.WriteAheadFlowFileRepository Initiating checkpoint of FlowFile Repository
2023-03-09 21:30:16,563 INFO [pool-7-thread-1] o.a.n.c.r.WriteAheadFlowFileRepository Successfully checkpointed FlowFile Repository with 0 records in 0 milliseconds
2023-03-09 21:30:33,719 INFO [Cleanup Archive for default] o.a.n.c.repository.FileSystemRepository Successfully deleted 0 files (0 bytes) from archive
2023-03-09 21:30:33,719 INFO [Cleanup Archive for default] o.a.n.c.repository.FileSystemRepository Archive cleanup completed for container default; will now allow writing to this container. Bytes used = 60.89 GB, bytes free = 945.96 GB, capacity = 1,006.85 GB
2023-03-09 21:30:36,563 INFO [pool-7-thread-1] o.a.n.c.r.WriteAheadFlowFileRepository Initiating checkpoint of FlowFile Repository
2023-03-09 21:30:36,563 INFO [pool-7-thread-1] o.a.n.c.r.WriteAheadFlowFileRepository Successfully checkpointed FlowFile Repository with 0 records in 0 milliseconds
2023-03-09 21:30:51,610 INFO [Write-Ahead Local State Provider Maintenance] org.wali.MinimalLockingWriteAheadLog org.wali.MinimalLockingWriteAheadLog@5ad13be4 checkpointed with 8 Records and 0 Swap Files in 126 milliseconds (Stop-the-world time = 58 milliseconds, Clear Edit Logs time = 1 millis), max Transaction ID 164
2023-03-09 21:30:56,563 INFO [pool-7-thread-1] o.a.n.c.r.WriteAheadFlowFileRepository Initiating checkpoint of FlowFile Repository
2023-03-09 21:30:56,563 INFO [pool-7-thread-1] o.a.n.c.r.WriteAheadFlowFileRepository Successfully checkpointed FlowFile Repository with 0 records in 0 milliseconds
2023-03-09 21:31:16,563 INFO [pool-7-thread-1] o.a.n.c.r.WriteAheadFlowFileRepository Initiating checkpoint of FlowFile Repository
2023-03-09 21:31:16,564 INFO [pool-7-thread-1] o.a.n.c.r.WriteAheadFlowFileRepository Successfully checkpointed FlowFile Repository with 0 records in 0 milliseconds
2023-03-09 21:31:34,670 INFO [Cleanup Archive for default] o.a.n.c.repository.FileSystemRepository Successfully deleted 0 files (0 bytes) from archive
2023-03-09 21:31:34,670 INFO [Cleanup Archive for default] o.a.n.c.repository.FileSystemRepository Archive cleanup completed for container default; will now allow writing to this container. Bytes used = 60.89 GB, bytes free = 945.96 GB, capacity = 1,006.85 GB
2023-03-09 21:31:36,564 INFO [pool-7-thread-1] o.a.n.c.r.WriteAheadFlowFileRepository Initiating checkpoint of FlowFile Repository
2023-03-09 21:31:36,564 INFO [pool-7-thread-1] o.a.n.c.r.WriteAheadFlowFileRepository Successfully checkpointed FlowFile Repository with 0 records in 0 milliseconds
2023-03-09 21:31:56,564 INFO [pool-7-thread-1] o.a.n.c.r.WriteAheadFlowFileRepository Initiating checkpoint of FlowFile Repository
2023-03-09 21:31:56,564 INFO [pool-7-thread-1] o.a.n.c.r.WriteAheadFlowFileRepository Successfully checkpointed FlowFile Repository with 0 records in 0 milliseconds
2023-03-09 21:32:16,565 INFO [pool-7-thread-1] o.a.n.c.r.WriteAheadFlowFileRepository Initiating checkpoint of FlowFile Repository
2023-03-09 21:32:16,591 INFO [pool-7-thread-1] o.a.n.c.r.WriteAheadFlowFileRepository Successfully checkpointed FlowFile Repository with 0 records in 0 milliseconds
2023-03-09 21:32:35,780 INFO [Cleanup Archive for default] o.a.n.c.repository.FileSystemRepository Successfully deleted 0 files (0 bytes) from archive
2023-03-09 21:32:35,796 INFO [Cleanup Archive for default] o.a.n.c.repository.FileSystemRepository Archive cleanup completed for container default; will now allow writing to this container. Bytes used = 60.89 GB, bytes free = 945.96 GB, capacity = 1,006.85 GB
2023-03-09 21:32:36,591 INFO [pool-7-thread-1] o.a.n.c.r.WriteAheadFlowFileRepository Initiating checkpoint of FlowFile Repository
2023-03-09 21:32:36,591 INFO [pool-7-thread-1] o.a.n.c.r.WriteAheadFlowFileRepository Successfully checkpointed FlowFile Repository with 0 records in 0 milliseconds
2023-03-09 21:32:51,767 INFO [Write-Ahead Local State Provider Maintenance] org.wali.MinimalLockingWriteAheadLog org.wali.MinimalLockingWriteAheadLog@5ad13be4 checkpointed with 8 Records and 0 Swap Files in 157 milliseconds (Stop-the-world time = 99 milliseconds, Clear Edit Logs time = 1 millis), max Transaction ID 164
2023-03-09 21:32:56,591 INFO [pool-7-thread-1] o.a.n.c.r.WriteAheadFlowFileRepository Initiating checkpoint of FlowFile Repository
2023-03-09 21:32:56,591 INFO [pool-7-thread-1] o.a.n.c.r.WriteAheadFlowFileRepository Successfully checkpointed FlowFile Repository with 0 records in 0 milliseconds
2023-03-09 21:33:16,591 INFO [pool-7-thread-1] o.a.n.c.r.WriteAheadFlowFileRepository Initiating checkpoint of FlowFile Repository
2023-03-09 21:33:16,607 INFO [pool-7-thread-1] o.a.n.c.r.WriteAheadFlowFileRepository Successfully checkpointed FlowFile Repository with 0 records in 0 milliseconds
2023-03-09 21:33:36,608 INFO [pool-7-thread-1] o.a.n.c.r.WriteAheadFlowFileRepository Initiating checkpoint of FlowFile Repository
2023-03-09 21:33:36,608 INFO [pool-7-thread-1] o.a.n.c.r.WriteAheadFlowFileRepository Successfully checkpointed FlowFile Repository with 0 records in 0 milliseconds
2023-03-09 21:33:36,944 INFO [Cleanup Archive for default] o.a.n.c.repository.FileSystemRepository Successfully deleted 0 files (0 bytes) from archive
2023-03-09 21:33:36,944 INFO [Cleanup Archive for default] o.a.n.c.repository.FileSystemRepository Archive cleanup completed for container default; will now allow writing to this container. Bytes used = 60.89 GB, bytes free = 945.96 GB, capacity = 1,006.85 GB
2023-03-09 21:33:56,609 INFO [pool-7-thread-1] o.a.n.c.r.WriteAheadFlowFileRepository Initiating checkpoint of FlowFile Repository
2023-03-09 21:33:56,609 INFO [pool-7-thread-1] o.a.n.c.r.WriteAheadFlowFileRepository Successfully checkpointed FlowFile Repository with 0 records in 0 milliseconds
2023-03-09 21:34:16,609 INFO [pool-7-thread-1] o.a.n.c.r.WriteAheadFlowFileRepository Initiating checkpoint of FlowFile Repository
2023-03-09 21:34:16,610 INFO [pool-7-thread-1] o.a.n.c.r.WriteAheadFlowFileRepository Successfully checkpointed FlowFile Repository with 0 records in 0 milliseconds
2023-03-09 21:34:36,610 INFO [pool-7-thread-1] o.a.n.c.r.WriteAheadFlowFileRepository Initiating checkpoint of FlowFile Repository
2023-03-09 21:34:36,623 INFO [pool-7-thread-1] o.a.n.c.r.WriteAheadFlowFileRepository Successfully checkpointed FlowFile Repository with 0 records in 0 milliseconds
2023-03-09 21:34:37,944 INFO [Cleanup Archive for default] o.a.n.c.repository.FileSystemRepository Successfully deleted 0 files (0 bytes) from archive
2023-03-09 21:34:37,944 INFO [Cleanup Archive for default] o.a.n.c.repository.FileSystemRepository Archive cleanup completed for container default; will now allow writing to this container. Bytes used = 60.89 GB, bytes free = 945.96 GB, capacity = 1,006.85 GB
2023-03-09 21:34:51,957 INFO [Write-Ahead Local State Provider Maintenance] org.wali.MinimalLockingWriteAheadLog org.wali.MinimalLockingWriteAheadLog@5ad13be4 checkpointed with 8 Records and 0 Swap Files in 188 milliseconds (Stop-the-world time = 108 milliseconds, Clear Edit Logs time = 1 millis), max Transaction ID 164
2023-03-09 21:34:56,623 INFO [pool-7-thread-1] o.a.n.c.r.WriteAheadFlowFileRepository Initiating checkpoint of FlowFile Repository
2023-03-09 21:34:56,623 INFO [pool-7-thread-1] o.a.n.c.r.WriteAheadFlowFileRepository Successfully checkpointed FlowFile Repository with 0 records in 0 milliseconds
2023-03-09 21:35:16,624 INFO [pool-7-thread-1] o.a.n.c.r.WriteAheadFlowFileRepository Initiating checkpoint of FlowFile Repository
2023-03-09 21:35:16,624 INFO [pool-7-thread-1] o.a.n.c.r.WriteAheadFlowFileRepository Successfully checkpointed FlowFile Repository with 0 records in 0 milliseconds
2023-03-09 21:35:36,624 INFO [pool-7-thread-1] o.a.n.c.r.WriteAheadFlowFileRepository Initiating checkpoint of FlowFile Repository
2023-03-09 21:35:36,664 INFO [pool-7-thread-1] o.a.n.c.r.WriteAheadFlowFileRepository Successfully checkpointed FlowFile Repository with 0 records in 0 milliseconds
2023-03-09 21:35:39,081 INFO [Cleanup Archive for default] o.a.n.c.repository.FileSystemRepository Successfully deleted 0 files (0 bytes) from archive
2023-03-09 21:35:39,081 INFO [Cleanup Archive for default] o.a.n.c.repository.FileSystemRepository Archive cleanup completed for container default; will now allow writing to this container. Bytes used = 60.89 GB, bytes free = 945.96 GB, capacity = 1,006.85 GB
2023-03-09 21:35:56,664 INFO [pool-7-thread-1] o.a.n.c.r.WriteAheadFlowFileRepository Initiating checkpoint of FlowFile Repository
2023-03-09 21:35:56,664 INFO [pool-7-thread-1] o.a.n.c.r.WriteAheadFlowFileRepository Successfully checkpointed FlowFile Repository with 0 records in 0 milliseconds
2023-03-09 21:36:16,665 INFO [pool-7-thread-1] o.a.n.c.r.WriteAheadFlowFileRepository Initiating checkpoint of FlowFile Repository
2023-03-09 21:36:16,694 INFO [pool-7-thread-1] o.a.n.c.r.WriteAheadFlowFileRepository Successfully checkpointed FlowFile Repository with 0 records in 0 milliseconds
2023-03-09 21:36:36,694 INFO [pool-7-thread-1] o.a.n.c.r.WriteAheadFlowFileRepository Initiating checkpoint of FlowFile Repository
2023-03-09 21:36:36,695 INFO [pool-7-thread-1] o.a.n.c.r.WriteAheadFlowFileRepository Successfully checkpointed FlowFile Repository with 0 records in 0 milliseconds
2023-03-09 21:36:40,126 INFO [Cleanup Archive for default] o.a.n.c.repository.FileSystemRepository Successfully deleted 0 files (0 bytes) from archive
2023-03-09 21:36:40,126 INFO [Cleanup Archive for default] o.a.n.c.repository.FileSystemRepository Archive cleanup completed for container default; will now allow writing to this container. Bytes used = 60.89 GB, bytes free = 945.96 GB, capacity = 1,006.85 GB
2023-03-09 21:36:52,109 INFO [Write-Ahead Local State Provider Maintenance] org.wali.MinimalLockingWriteAheadLog org.wali.MinimalLockingWriteAheadLog@5ad13be4 checkpointed with 8 Records and 0 Swap Files in 151 milliseconds (Stop-the-world time = 58 milliseconds, Clear Edit Logs time = 1 millis), max Transaction ID 164
2023-03-09 21:36:56,695 INFO [pool-7-thread-1] o.a.n.c.r.WriteAheadFlowFileRepository Initiating checkpoint of FlowFile Repository
2023-03-09 21:36:56,695 INFO [pool-7-thread-1] o.a.n.c.r.WriteAheadFlowFileRepository Successfully checkpointed FlowFile Repository with 0 records in 0 milliseconds
2023-03-09 21:37:16,696 INFO [pool-7-thread-1] o.a.n.c.r.WriteAheadFlowFileRepository Initiating checkpoint of FlowFile Repository
2023-03-09 21:37:16,718 INFO [pool-7-thread-1] o.a.n.c.r.WriteAheadFlowFileRepository Successfully checkpointed FlowFile Repository with 0 records in 0 milliseconds
2023-03-09 21:37:36,719 INFO [pool-7-thread-1] o.a.n.c.r.WriteAheadFlowFileRepository Initiating checkpoint of FlowFile Repository
2023-03-09 21:37:36,719 INFO [pool-7-thread-1] o.a.n.c.r.WriteAheadFlowFileRepository Successfully checkpointed FlowFile Repository with 0 records in 0 milliseconds
2023-03-09 21:37:41,251 INFO [Cleanup Archive for default] o.a.n.c.repository.FileSystemRepository Successfully deleted 0 files (0 bytes) from archive
2023-03-09 21:37:41,256 INFO [Cleanup Archive for default] o.a.n.c.repository.FileSystemRepository Archive cleanup completed for container default; will now allow writing to this container. Bytes used = 60.89 GB, bytes free = 945.96 GB, capacity = 1,006.85 GB
2023-03-09 21:37:56,720 INFO [pool-7-thread-1] o.a.n.c.r.WriteAheadFlowFileRepository Initiating checkpoint of FlowFile Repository
2023-03-09 21:37:56,720 INFO [pool-7-thread-1] o.a.n.c.r.WriteAheadFlowFileRepository Successfully checkpointed FlowFile Repository with 0 records in 0 milliseconds
2023-03-09 21:38:16,721 INFO [pool-7-thread-1] o.a.n.c.r.WriteAheadFlowFileRepository Initiating checkpoint of FlowFile Repository
2023-03-09 21:38:16,745 INFO [pool-7-thread-1] o.a.n.c.r.WriteAheadFlowFileRepository Successfully checkpointed FlowFile Repository with 0 records in 0 milliseconds
2023-03-09 21:38:36,744 INFO [pool-7-thread-1] o.a.n.c.r.WriteAheadFlowFileRepository Initiating checkpoint of FlowFile Repository
2023-03-09 21:38:36,745 INFO [pool-7-thread-1] o.a.n.c.r.WriteAheadFlowFileRepository Successfully checkpointed FlowFile Repository with 0 records in 0 milliseconds
2023-03-09 21:38:42,332 INFO [Cleanup Archive for default] o.a.n.c.repository.FileSystemRepository Successfully deleted 0 files (0 bytes) from archive
2023-03-09 21:38:42,332 INFO [Cleanup Archive for default] o.a.n.c.repository.FileSystemRepository Archive cleanup completed for container default; will now allow writing to this container. Bytes used = 60.89 GB, bytes free = 945.96 GB, capacity = 1,006.85 GB
2023-03-09 21:38:52,302 INFO [Write-Ahead Local State Provider Maintenance] org.wali.MinimalLockingWriteAheadLog org.wali.MinimalLockingWriteAheadLog@5ad13be4 checkpointed with 8 Records and 0 Swap Files in 188 milliseconds (Stop-the-world time = 123 milliseconds, Clear Edit Logs time = 1 millis), max Transaction ID 164
2023-03-09 21:38:56,745 INFO [pool-7-thread-1] o.a.n.c.r.WriteAheadFlowFileRepository Initiating checkpoint of FlowFile Repository
2023-03-09 21:38:56,745 INFO [pool-7-thread-1] o.a.n.c.r.WriteAheadFlowFileRepository Successfully checkpointed FlowFile Repository with 0 records in 0 milliseconds
2023-03-09 21:39:16,747 INFO [pool-7-thread-1] o.a.n.c.r.WriteAheadFlowFileRepository Initiating checkpoint of FlowFile Repository
2023-03-09 21:39:16,747 INFO [pool-7-thread-1] o.a.n.c.r.WriteAheadFlowFileRepository Successfully checkpointed FlowFile Repository with 0 records in 0 milliseconds
2023-03-09 21:39:36,748 INFO [pool-7-thread-1] o.a.n.c.r.WriteAheadFlowFileRepository Initiating checkpoint of FlowFile Repository
2023-03-09 21:39:36,748 INFO [pool-7-thread-1] o.a.n.c.r.WriteAheadFlowFileRepository Successfully checkpointed FlowFile Repository with 0 records in 0 milliseconds
2023-03-09 21:39:43,592 INFO [Cleanup Archive for default] o.a.n.c.repository.FileSystemRepository Successfully deleted 0 files (0 bytes) from archive
2023-03-09 21:39:43,592 INFO [Cleanup Archive for default] o.a.n.c.repository.FileSystemRepository Archive cleanup completed for container default; will now allow writing to this container. Bytes used = 60.89 GB, bytes free = 945.96 GB, capacity = 1,006.85 GB
2023-03-09 21:39:56,748 INFO [pool-7-thread-1] o.a.n.c.r.WriteAheadFlowFileRepository Initiating checkpoint of FlowFile Repository
2023-03-09 21:39:56,749 INFO [pool-7-thread-1] o.a.n.c.r.WriteAheadFlowFileRepository Successfully checkpointed FlowFile Repository with 0 records in 0 milliseconds
2023-03-09 21:40:16,749 INFO [pool-7-thread-1] o.a.n.c.r.WriteAheadFlowFileRepository Initiating checkpoint of FlowFile Repository
2023-03-09 21:40:16,759 INFO [pool-7-thread-1] o.a.n.c.r.WriteAheadFlowFileRepository Successfully checkpointed FlowFile Repository with 0 records in 0 milliseconds
2023-03-09 21:40:36,760 INFO [pool-7-thread-1] o.a.n.c.r.WriteAheadFlowFileRepository Initiating checkpoint of FlowFile Repository
2023-03-09 21:40:36,760 INFO [pool-7-thread-1] o.a.n.c.r.WriteAheadFlowFileRepository Successfully checkpointed FlowFile Repository with 0 records in 0 milliseconds
2023-03-09 21:40:44,720 INFO [Cleanup Archive for default] o.a.n.c.repository.FileSystemRepository Successfully deleted 0 files (0 bytes) from archive
2023-03-09 21:40:44,726 INFO [Cleanup Archive for default] o.a.n.c.repository.FileSystemRepository Archive cleanup completed for container default; will now allow writing to this container. Bytes used = 60.89 GB, bytes free = 945.96 GB, capacity = 1,006.85 GB
2023-03-09 21:40:52,455 INFO [Write-Ahead Local State Provider Maintenance] org.wali.MinimalLockingWriteAheadLog org.wali.MinimalLockingWriteAheadLog@5ad13be4 checkpointed with 8 Records and 0 Swap Files in 150 milliseconds (Stop-the-world time = 81 milliseconds, Clear Edit Logs time = 9 millis), max Transaction ID 164
2023-03-09 21:40:56,760 INFO [pool-7-thread-1] o.a.n.c.r.WriteAheadFlowFileRepository Initiating checkpoint of FlowFile Repository
2023-03-09 21:40:56,760 INFO [pool-7-thread-1] o.a.n.c.r.WriteAheadFlowFileRepository Successfully checkpointed FlowFile Repository with 0 records in 0 milliseconds
2023-03-09 21:41:16,763 INFO [pool-7-thread-1] o.a.n.c.r.WriteAheadFlowFileRepository Initiating checkpoint of FlowFile Repository
2023-03-09 21:41:16,785 INFO [pool-7-thread-1] o.a.n.c.r.WriteAheadFlowFileRepository Successfully checkpointed FlowFile Repository with 0 records in 0 milliseconds
2023-03-09 21:41:36,788 INFO [pool-7-thread-1] o.a.n.c.r.WriteAheadFlowFileRepository Initiating checkpoint of FlowFile Repository
2023-03-09 21:41:36,790 INFO [pool-7-thread-1] o.a.n.c.r.WriteAheadFlowFileRepository Successfully checkpointed FlowFile Repository with 0 records in 0 milliseconds
2023-03-09 21:41:45,791 INFO [Cleanup Archive for default] o.a.n.c.repository.FileSystemRepository Successfully deleted 0 files (0 bytes) from archive
2023-03-09 21:41:45,801 INFO [Cleanup Archive for default] o.a.n.c.repository.FileSystemRepository Archive cleanup completed for container default; will now allow writing to this container. Bytes used = 60.89 GB, bytes free = 945.96 GB, capacity = 1,006.85 GB
2023-03-09 21:41:56,790 INFO [pool-7-thread-1] o.a.n.c.r.WriteAheadFlowFileRepository Initiating checkpoint of FlowFile Repository
2023-03-09 21:41:56,790 INFO [pool-7-thread-1] o.a.n.c.r.WriteAheadFlowFileRepository Successfully checkpointed FlowFile Repository with 0 records in 0 milliseconds
2023-03-09 21:42:16,793 INFO [pool-7-thread-1] o.a.n.c.r.WriteAheadFlowFileRepository Initiating checkpoint of FlowFile Repository
2023-03-09 21:42:16,828 INFO [pool-7-thread-1] o.a.n.c.r.WriteAheadFlowFileRepository Successfully checkpointed FlowFile Repository with 0 records in 0 milliseconds
2023-03-09 21:42:36,830 INFO [pool-7-thread-1] o.a.n.c.r.WriteAheadFlowFileRepository Initiating checkpoint of FlowFile Repository
2023-03-09 21:42:36,832 INFO [pool-7-thread-1] o.a.n.c.r.WriteAheadFlowFileRepository Successfully checkpointed FlowFile Repository with 0 records in 0 milliseconds
2023-03-09 21:42:47,025 INFO [Cleanup Archive for default] o.a.n.c.repository.FileSystemRepository Successfully deleted 0 files (0 bytes) from archive
2023-03-09 21:42:47,025 INFO [Cleanup Archive for default] o.a.n.c.repository.FileSystemRepository Archive cleanup completed for container default; will now allow writing to this container. Bytes used = 60.89 GB, bytes free = 945.96 GB, capacity = 1,006.85 GB
2023-03-09 21:42:52,654 INFO [Write-Ahead Local State Provider Maintenance] org.wali.MinimalLockingWriteAheadLog org.wali.MinimalLockingWriteAheadLog@5ad13be4 checkpointed with 8 Records and 0 Swap Files in 188 milliseconds (Stop-the-world time = 97 milliseconds, Clear Edit Logs time = 0 millis), max Transaction ID 164
2023-03-09 21:42:56,832 INFO [pool-7-thread-1] o.a.n.c.r.WriteAheadFlowFileRepository Initiating checkpoint of FlowFile Repository
2023-03-09 21:42:56,832 INFO [pool-7-thread-1] o.a.n.c.r.WriteAheadFlowFileRepository Successfully checkpointed FlowFile Repository with 0 records in 0 milliseconds
2023-03-09 21:43:16,835 INFO [pool-7-thread-1] o.a.n.c.r.WriteAheadFlowFileRepository Initiating checkpoint of FlowFile Repository
2023-03-09 21:43:16,841 INFO [pool-7-thread-1] o.a.n.c.r.WriteAheadFlowFileRepository Successfully checkpointed FlowFile Repository with 0 records in 0 milliseconds
2023-03-09 21:43:36,843 INFO [pool-7-thread-1] o.a.n.c.r.WriteAheadFlowFileRepository Initiating checkpoint of FlowFile Repository
2023-03-09 21:43:36,843 INFO [pool-7-thread-1] o.a.n.c.r.WriteAheadFlowFileRepository Successfully checkpointed FlowFile Repository with 0 records in 0 milliseconds
2023-03-09 21:43:48,223 INFO [Cleanup Archive for default] o.a.n.c.repository.FileSystemRepository Successfully deleted 0 files (0 bytes) from archive
2023-03-09 21:43:48,235 INFO [Cleanup Archive for default] o.a.n.c.repository.FileSystemRepository Archive cleanup completed for container default; will now allow writing to this container. Bytes used = 60.89 GB, bytes free = 945.96 GB, capacity = 1,006.85 GB
2023-03-09 21:43:56,844 INFO [pool-7-thread-1] o.a.n.c.r.WriteAheadFlowFileRepository Initiating checkpoint of FlowFile Repository
2023-03-09 21:43:56,844 INFO [pool-7-thread-1] o.a.n.c.r.WriteAheadFlowFileRepository Successfully checkpointed FlowFile Repository with 0 records in 0 milliseconds
2023-03-09 21:44:16,847 INFO [pool-7-thread-1] o.a.n.c.r.WriteAheadFlowFileRepository Initiating checkpoint of FlowFile Repository
2023-03-09 21:44:16,848 INFO [pool-7-thread-1] o.a.n.c.r.WriteAheadFlowFileRepository Successfully checkpointed FlowFile Repository with 0 records in 0 milliseconds
2023-03-09 21:44:36,850 INFO [pool-7-thread-1] o.a.n.c.r.WriteAheadFlowFileRepository Initiating checkpoint of FlowFile Repository
2023-03-09 21:44:36,866 INFO [pool-7-thread-1] o.a.n.c.r.WriteAheadFlowFileRepository Successfully checkpointed FlowFile Repository with 0 records in 0 milliseconds
2023-03-09 21:44:49,294 INFO [Cleanup Archive for default] o.a.n.c.repository.FileSystemRepository Successfully deleted 0 files (0 bytes) from archive
2023-03-09 21:44:49,302 INFO [Cleanup Archive for default] o.a.n.c.repository.FileSystemRepository Archive cleanup completed for container default; will now allow writing to this container. Bytes used = 60.89 GB, bytes free = 945.96 GB, capacity = 1,006.85 GB
2023-03-09 21:44:52,899 INFO [Write-Ahead Local State Provider Maintenance] org.wali.MinimalLockingWriteAheadLog org.wali.MinimalLockingWriteAheadLog@5ad13be4 checkpointed with 8 Records and 0 Swap Files in 221 milliseconds (Stop-the-world time = 139 milliseconds, Clear Edit Logs time = 1 millis), max Transaction ID 164
2023-03-09 21:44:53,434 INFO [Timer-Driven Process Thread-1] o.a.n.p.store.WriteAheadStorePartition Successfully rolled over Event Writer for Provenance Event Store Partition[directory=./provenance_repository] due to MAX_TIME_REACHED. Event File was 13.55 KB and contained 4 events.
2023-03-09 21:44:56,866 INFO [pool-7-thread-1] o.a.n.c.r.WriteAheadFlowFileRepository Initiating checkpoint of FlowFile Repository
2023-03-09 21:44:56,993 INFO [pool-7-thread-1] o.a.n.wali.SequentialAccessWriteAheadLog Checkpointed Write-Ahead Log with 0 Records and 0 Swap Files in 126 milliseconds (Stop-the-world time = 53 milliseconds), max Transaction ID 479
2023-03-09 21:44:56,993 INFO [pool-7-thread-1] o.a.n.c.r.WriteAheadFlowFileRepository Successfully checkpointed FlowFile Repository with 0 records in 126 milliseconds
2023-03-09 21:45:16,995 INFO [pool-7-thread-1] o.a.n.c.r.WriteAheadFlowFileRepository Initiating checkpoint of FlowFile Repository
2023-03-09 21:45:17,004 INFO [pool-7-thread-1] o.a.n.c.r.WriteAheadFlowFileRepository Successfully checkpointed FlowFile Repository with 0 records in 0 milliseconds
2023-03-09 21:45:37,006 INFO [pool-7-thread-1] o.a.n.c.r.WriteAheadFlowFileRepository Initiating checkpoint of FlowFile Repository
2023-03-09 21:45:37,006 INFO [pool-7-thread-1] o.a.n.c.r.WriteAheadFlowFileRepository Successfully checkpointed FlowFile Repository with 0 records in 0 milliseconds
2023-03-09 21:45:50,345 INFO [Cleanup Archive for default] o.a.n.c.repository.FileSystemRepository Successfully deleted 0 files (0 bytes) from archive
2023-03-09 21:45:50,345 INFO [Cleanup Archive for default] o.a.n.c.repository.FileSystemRepository Archive cleanup completed for container default; will now allow writing to this container. Bytes used = 60.89 GB, bytes free = 945.96 GB, capacity = 1,006.85 GB
2023-03-09 21:45:57,006 INFO [pool-7-thread-1] o.a.n.c.r.WriteAheadFlowFileRepository Initiating checkpoint of FlowFile Repository
2023-03-09 21:45:57,006 INFO [pool-7-thread-1] o.a.n.c.r.WriteAheadFlowFileRepository Successfully checkpointed FlowFile Repository with 0 records in 0 milliseconds
2023-03-09 21:46:17,007 INFO [pool-7-thread-1] o.a.n.c.r.WriteAheadFlowFileRepository Initiating checkpoint of FlowFile Repository
2023-03-09 21:46:17,029 INFO [pool-7-thread-1] o.a.n.c.r.WriteAheadFlowFileRepository Successfully checkpointed FlowFile Repository with 0 records in 0 milliseconds
2023-03-09 21:46:37,030 INFO [pool-7-thread-1] o.a.n.c.r.WriteAheadFlowFileRepository Initiating checkpoint of FlowFile Repository
2023-03-09 21:46:37,030 INFO [pool-7-thread-1] o.a.n.c.r.WriteAheadFlowFileRepository Successfully checkpointed FlowFile Repository with 0 records in 0 milliseconds
2023-03-09 21:46:50,349 INFO [Cleanup Archive for default] o.a.n.c.repository.FileSystemRepository Successfully deleted 0 files (0 bytes) from archive
2023-03-09 21:46:50,349 INFO [Cleanup Archive for default] o.a.n.c.repository.FileSystemRepository Archive cleanup completed for container default; will now allow writing to this container. Bytes used = 60.89 GB, bytes free = 945.96 GB, capacity = 1,006.85 GB
2023-03-09 21:46:53,232 INFO [Write-Ahead Local State Provider Maintenance] org.wali.MinimalLockingWriteAheadLog org.wali.MinimalLockingWriteAheadLog@5ad13be4 checkpointed with 8 Records and 0 Swap Files in 308 milliseconds (Stop-the-world time = 191 milliseconds, Clear Edit Logs time = 1 millis), max Transaction ID 166
2023-03-09 21:46:57,030 INFO [pool-7-thread-1] o.a.n.c.r.WriteAheadFlowFileRepository Initiating checkpoint of FlowFile Repository
2023-03-09 21:46:57,030 INFO [pool-7-thread-1] o.a.n.c.r.WriteAheadFlowFileRepository Successfully checkpointed FlowFile Repository with 0 records in 0 milliseconds
2023-03-09 21:47:17,030 INFO [pool-7-thread-1] o.a.n.c.r.WriteAheadFlowFileRepository Initiating checkpoint of FlowFile Repository
2023-03-09 21:47:17,030 INFO [pool-7-thread-1] o.a.n.c.r.WriteAheadFlowFileRepository Successfully checkpointed FlowFile Repository with 0 records in 0 milliseconds
2023-03-09 21:47:37,031 INFO [pool-7-thread-1] o.a.n.c.r.WriteAheadFlowFileRepository Initiating checkpoint of FlowFile Repository
2023-03-09 21:47:37,031 INFO [pool-7-thread-1] o.a.n.c.r.WriteAheadFlowFileRepository Successfully checkpointed FlowFile Repository with 0 records in 0 milliseconds
2023-03-09 21:47:50,376 INFO [Cleanup Archive for default] o.a.n.c.repository.FileSystemRepository Successfully deleted 0 files (0 bytes) from archive
2023-03-09 21:47:50,376 INFO [Cleanup Archive for default] o.a.n.c.repository.FileSystemRepository Archive cleanup completed for container default; will now allow writing to this container. Bytes used = 60.89 GB, bytes free = 945.96 GB, capacity = 1,006.85 GB
2023-03-09 21:47:57,031 INFO [pool-7-thread-1] o.a.n.c.r.WriteAheadFlowFileRepository Initiating checkpoint of FlowFile Repository
2023-03-09 21:47:57,031 INFO [pool-7-thread-1] o.a.n.c.r.WriteAheadFlowFileRepository Successfully checkpointed FlowFile Repository with 0 records in 0 milliseconds
2023-03-09 21:48:17,031 INFO [pool-7-thread-1] o.a.n.c.r.WriteAheadFlowFileRepository Initiating checkpoint of FlowFile Repository
2023-03-09 21:48:17,031 INFO [pool-7-thread-1] o.a.n.c.r.WriteAheadFlowFileRepository Successfully checkpointed FlowFile Repository with 0 records in 0 milliseconds
2023-03-09 21:48:37,031 INFO [pool-7-thread-1] o.a.n.c.r.WriteAheadFlowFileRepository Initiating checkpoint of FlowFile Repository
2023-03-09 21:48:37,031 INFO [pool-7-thread-1] o.a.n.c.r.WriteAheadFlowFileRepository Successfully checkpointed FlowFile Repository with 0 records in 0 milliseconds
2023-03-09 21:48:50,378 INFO [Cleanup Archive for default] o.a.n.c.repository.FileSystemRepository Successfully deleted 0 files (0 bytes) from archive
2023-03-09 21:48:50,379 INFO [Cleanup Archive for default] o.a.n.c.repository.FileSystemRepository Archive cleanup completed for container default; will now allow writing to this container. Bytes used = 60.89 GB, bytes free = 945.96 GB, capacity = 1,006.85 GB
2023-03-09 21:48:53,313 INFO [Write-Ahead Local State Provider Maintenance] org.wali.MinimalLockingWriteAheadLog org.wali.MinimalLockingWriteAheadLog@5ad13be4 checkpointed with 8 Records and 0 Swap Files in 80 milliseconds (Stop-the-world time = 22 milliseconds, Clear Edit Logs time = 1 millis), max Transaction ID 166
2023-03-09 21:48:57,031 INFO [pool-7-thread-1] o.a.n.c.r.WriteAheadFlowFileRepository Initiating checkpoint of FlowFile Repository
2023-03-09 21:48:57,031 INFO [pool-7-thread-1] o.a.n.c.r.WriteAheadFlowFileRepository Successfully checkpointed FlowFile Repository with 0 records in 0 milliseconds
2023-03-09 21:49:17,031 INFO [pool-7-thread-1] o.a.n.c.r.WriteAheadFlowFileRepository Initiating checkpoint of FlowFile Repository
2023-03-09 21:49:17,032 INFO [pool-7-thread-1] o.a.n.c.r.WriteAheadFlowFileRepository Successfully checkpointed FlowFile Repository with 0 records in 0 milliseconds
2023-03-09 21:49:37,032 INFO [pool-7-thread-1] o.a.n.c.r.WriteAheadFlowFileRepository Initiating checkpoint of FlowFile Repository
2023-03-09 21:49:37,032 INFO [pool-7-thread-1] o.a.n.c.r.WriteAheadFlowFileRepository Successfully checkpointed FlowFile Repository with 0 records in 0 milliseconds
2023-03-09 21:49:50,381 INFO [Cleanup Archive for default] o.a.n.c.repository.FileSystemRepository Successfully deleted 0 files (0 bytes) from archive
2023-03-09 21:49:50,381 INFO [Cleanup Archive for default] o.a.n.c.repository.FileSystemRepository Archive cleanup completed for container default; will now allow writing to this container. Bytes used = 60.89 GB, bytes free = 945.96 GB, capacity = 1,006.85 GB
2023-03-09 21:49:57,032 INFO [pool-7-thread-1] o.a.n.c.r.WriteAheadFlowFileRepository Initiating checkpoint of FlowFile Repository
2023-03-09 21:49:57,032 INFO [pool-7-thread-1] o.a.n.c.r.WriteAheadFlowFileRepository Successfully checkpointed FlowFile Repository with 0 records in 0 milliseconds
2023-03-09 21:50:17,032 INFO [pool-7-thread-1] o.a.n.c.r.WriteAheadFlowFileRepository Initiating checkpoint of FlowFile Repository
2023-03-09 21:50:17,032 INFO [pool-7-thread-1] o.a.n.c.r.WriteAheadFlowFileRepository Successfully checkpointed FlowFile Repository with 0 records in 0 milliseconds
2023-03-09 21:50:37,032 INFO [pool-7-thread-1] o.a.n.c.r.WriteAheadFlowFileRepository Initiating checkpoint of FlowFile Repository
2023-03-09 21:50:37,032 INFO [pool-7-thread-1] o.a.n.c.r.WriteAheadFlowFileRepository Successfully checkpointed FlowFile Repository with 0 records in 0 milliseconds
2023-03-09 21:50:50,383 INFO [Cleanup Archive for default] o.a.n.c.repository.FileSystemRepository Successfully deleted 0 files (0 bytes) from archive
2023-03-09 21:50:50,383 INFO [Cleanup Archive for default] o.a.n.c.repository.FileSystemRepository Archive cleanup completed for container default; will now allow writing to this container. Bytes used = 60.89 GB, bytes free = 945.96 GB, capacity = 1,006.85 GB
2023-03-09 21:50:53,368 INFO [Write-Ahead Local State Provider Maintenance] org.wali.MinimalLockingWriteAheadLog org.wali.MinimalLockingWriteAheadLog@5ad13be4 checkpointed with 8 Records and 0 Swap Files in 55 milliseconds (Stop-the-world time = 0 milliseconds, Clear Edit Logs time = 1 millis), max Transaction ID 166
2023-03-09 21:50:57,032 INFO [pool-7-thread-1] o.a.n.c.r.WriteAheadFlowFileRepository Initiating checkpoint of FlowFile Repository
2023-03-09 21:50:57,033 INFO [pool-7-thread-1] o.a.n.c.r.WriteAheadFlowFileRepository Successfully checkpointed FlowFile Repository with 0 records in 0 milliseconds
2023-03-09 21:51:17,033 INFO [pool-7-thread-1] o.a.n.c.r.WriteAheadFlowFileRepository Initiating checkpoint of FlowFile Repository
2023-03-09 21:51:17,033 INFO [pool-7-thread-1] o.a.n.c.r.WriteAheadFlowFileRepository Successfully checkpointed FlowFile Repository with 0 records in 0 milliseconds
2023-03-09 21:51:37,033 INFO [pool-7-thread-1] o.a.n.c.r.WriteAheadFlowFileRepository Initiating checkpoint of FlowFile Repository
2023-03-09 21:51:37,033 INFO [pool-7-thread-1] o.a.n.c.r.WriteAheadFlowFileRepository Successfully checkpointed FlowFile Repository with 0 records in 0 milliseconds
2023-03-09 21:51:51,058 INFO [Cleanup Archive for default] o.a.n.c.repository.FileSystemRepository Successfully deleted 0 files (0 bytes) from archive
2023-03-09 21:51:51,058 INFO [Cleanup Archive for default] o.a.n.c.repository.FileSystemRepository Archive cleanup completed for container default; will now allow writing to this container. Bytes used = 60.89 GB, bytes free = 945.96 GB, capacity = 1,006.85 GB
2023-03-09 21:51:57,033 INFO [pool-7-thread-1] o.a.n.c.r.WriteAheadFlowFileRepository Initiating checkpoint of FlowFile Repository
2023-03-09 21:51:57,033 INFO [pool-7-thread-1] o.a.n.c.r.WriteAheadFlowFileRepository Successfully checkpointed FlowFile Repository with 0 records in 0 milliseconds
2023-03-09 21:52:17,033 INFO [pool-7-thread-1] o.a.n.c.r.WriteAheadFlowFileRepository Initiating checkpoint of FlowFile Repository
2023-03-09 21:52:17,033 INFO [pool-7-thread-1] o.a.n.c.r.WriteAheadFlowFileRepository Successfully checkpointed FlowFile Repository with 0 records in 0 milliseconds
2023-03-09 21:52:37,033 INFO [pool-7-thread-1] o.a.n.c.r.WriteAheadFlowFileRepository Initiating checkpoint of FlowFile Repository
2023-03-09 21:52:37,033 INFO [pool-7-thread-1] o.a.n.c.r.WriteAheadFlowFileRepository Successfully checkpointed FlowFile Repository with 0 records in 0 milliseconds
2023-03-09 21:52:51,060 INFO [Cleanup Archive for default] o.a.n.c.repository.FileSystemRepository Successfully deleted 0 files (0 bytes) from archive
2023-03-09 21:52:51,060 INFO [Cleanup Archive for default] o.a.n.c.repository.FileSystemRepository Archive cleanup completed for container default; will now allow writing to this container. Bytes used = 60.89 GB, bytes free = 945.96 GB, capacity = 1,006.85 GB
2023-03-09 21:52:53,437 INFO [Write-Ahead Local State Provider Maintenance] org.wali.MinimalLockingWriteAheadLog org.wali.MinimalLockingWriteAheadLog@5ad13be4 checkpointed with 8 Records and 0 Swap Files in 70 milliseconds (Stop-the-world time = 1 milliseconds, Clear Edit Logs time = 0 millis), max Transaction ID 166
2023-03-09 21:52:57,033 INFO [pool-7-thread-1] o.a.n.c.r.WriteAheadFlowFileRepository Initiating checkpoint of FlowFile Repository
2023-03-09 21:52:57,033 INFO [pool-7-thread-1] o.a.n.c.r.WriteAheadFlowFileRepository Successfully checkpointed FlowFile Repository with 0 records in 0 milliseconds
2023-03-09 21:53:17,034 INFO [pool-7-thread-1] o.a.n.c.r.WriteAheadFlowFileRepository Initiating checkpoint of FlowFile Repository
2023-03-09 21:53:17,034 INFO [pool-7-thread-1] o.a.n.c.r.WriteAheadFlowFileRepository Successfully checkpointed FlowFile Repository with 0 records in 0 milliseconds
2023-03-09 21:53:37,034 INFO [pool-7-thread-1] o.a.n.c.r.WriteAheadFlowFileRepository Initiating checkpoint of FlowFile Repository
2023-03-09 21:53:37,034 INFO [pool-7-thread-1] o.a.n.c.r.WriteAheadFlowFileRepository Successfully checkpointed FlowFile Repository with 0 records in 0 milliseconds
2023-03-09 21:53:51,810 INFO [Cleanup Archive for default] o.a.n.c.repository.FileSystemRepository Successfully deleted 0 files (0 bytes) from archive
2023-03-09 21:53:51,810 INFO [Cleanup Archive for default] o.a.n.c.repository.FileSystemRepository Archive cleanup completed for container default; will now allow writing to this container. Bytes used = 60.89 GB, bytes free = 945.96 GB, capacity = 1,006.85 GB
2023-03-09 21:53:57,034 INFO [pool-7-thread-1] o.a.n.c.r.WriteAheadFlowFileRepository Initiating checkpoint of FlowFile Repository
2023-03-09 21:53:57,034 INFO [pool-7-thread-1] o.a.n.c.r.WriteAheadFlowFileRepository Successfully checkpointed FlowFile Repository with 0 records in 0 milliseconds
2023-03-09 21:54:17,034 INFO [pool-7-thread-1] o.a.n.c.r.WriteAheadFlowFileRepository Initiating checkpoint of FlowFile Repository
2023-03-09 21:54:17,034 INFO [pool-7-thread-1] o.a.n.c.r.WriteAheadFlowFileRepository Successfully checkpointed FlowFile Repository with 0 records in 0 milliseconds
2023-03-09 21:54:37,038 INFO [pool-7-thread-1] o.a.n.c.r.WriteAheadFlowFileRepository Initiating checkpoint of FlowFile Repository
2023-03-09 21:54:37,038 INFO [pool-7-thread-1] o.a.n.c.r.WriteAheadFlowFileRepository Successfully checkpointed FlowFile Repository with 0 records in 0 milliseconds
2023-03-09 21:54:51,816 INFO [Cleanup Archive for default] o.a.n.c.repository.FileSystemRepository Successfully deleted 0 files (0 bytes) from archive
2023-03-09 21:54:51,816 INFO [Cleanup Archive for default] o.a.n.c.repository.FileSystemRepository Archive cleanup completed for container default; will now allow writing to this container. Bytes used = 60.89 GB, bytes free = 945.96 GB, capacity = 1,006.85 GB
2023-03-09 21:54:53,679 INFO [Write-Ahead Local State Provider Maintenance] org.wali.MinimalLockingWriteAheadLog org.wali.MinimalLockingWriteAheadLog@5ad13be4 checkpointed with 8 Records and 0 Swap Files in 238 milliseconds (Stop-the-world time = 144 milliseconds, Clear Edit Logs time = 16 millis), max Transaction ID 166
2023-03-09 21:54:57,038 INFO [pool-7-thread-1] o.a.n.c.r.WriteAheadFlowFileRepository Initiating checkpoint of FlowFile Repository
2023-03-09 21:54:57,038 INFO [pool-7-thread-1] o.a.n.c.r.WriteAheadFlowFileRepository Successfully checkpointed FlowFile Repository with 0 records in 0 milliseconds
2023-03-09 21:55:17,035 INFO [pool-7-thread-1] o.a.n.c.r.WriteAheadFlowFileRepository Initiating checkpoint of FlowFile Repository
2023-03-09 21:55:17,035 INFO [pool-7-thread-1] o.a.n.c.r.WriteAheadFlowFileRepository Successfully checkpointed FlowFile Repository with 0 records in 0 milliseconds
2023-03-09 21:55:37,038 INFO [pool-7-thread-1] o.a.n.c.r.WriteAheadFlowFileRepository Initiating checkpoint of FlowFile Repository
2023-03-09 21:55:37,059 INFO [pool-7-thread-1] o.a.n.c.r.WriteAheadFlowFileRepository Successfully checkpointed FlowFile Repository with 0 records in 0 milliseconds
2023-03-09 21:55:52,233 INFO [Cleanup Archive for default] o.a.n.c.repository.FileSystemRepository Successfully deleted 0 files (0 bytes) from archive
2023-03-09 21:55:52,233 INFO [Cleanup Archive for default] o.a.n.c.repository.FileSystemRepository Archive cleanup completed for container default; will now allow writing to this container. Bytes used = 60.89 GB, bytes free = 945.96 GB, capacity = 1,006.85 GB
2023-03-09 21:55:57,059 INFO [pool-7-thread-1] o.a.n.c.r.WriteAheadFlowFileRepository Initiating checkpoint of FlowFile Repository
2023-03-09 21:55:57,059 INFO [pool-7-thread-1] o.a.n.c.r.WriteAheadFlowFileRepository Successfully checkpointed FlowFile Repository with 0 records in 0 milliseconds
2023-03-09 21:56:17,060 INFO [pool-7-thread-1] o.a.n.c.r.WriteAheadFlowFileRepository Initiating checkpoint of FlowFile Repository
2023-03-09 21:56:17,066 INFO [pool-7-thread-1] o.a.n.c.r.WriteAheadFlowFileRepository Successfully checkpointed FlowFile Repository with 0 records in 0 milliseconds
2023-03-09 21:56:37,067 INFO [pool-7-thread-1] o.a.n.c.r.WriteAheadFlowFileRepository Initiating checkpoint of FlowFile Repository
2023-03-09 21:56:37,068 INFO [pool-7-thread-1] o.a.n.c.r.WriteAheadFlowFileRepository Successfully checkpointed FlowFile Repository with 0 records in 0 milliseconds
2023-03-09 21:56:53,243 INFO [Cleanup Archive for default] o.a.n.c.repository.FileSystemRepository Successfully deleted 0 files (0 bytes) from archive
2023-03-09 21:56:53,243 INFO [Cleanup Archive for default] o.a.n.c.repository.FileSystemRepository Archive cleanup completed for container default; will now allow writing to this container. Bytes used = 60.89 GB, bytes free = 945.96 GB, capacity = 1,006.85 GB
2023-03-09 21:56:53,837 INFO [Write-Ahead Local State Provider Maintenance] org.wali.MinimalLockingWriteAheadLog org.wali.MinimalLockingWriteAheadLog@5ad13be4 checkpointed with 8 Records and 0 Swap Files in 157 milliseconds (Stop-the-world time = 77 milliseconds, Clear Edit Logs time = 14 millis), max Transaction ID 167
2023-03-09 21:56:57,068 INFO [pool-7-thread-1] o.a.n.c.r.WriteAheadFlowFileRepository Initiating checkpoint of FlowFile Repository
2023-03-09 21:56:57,068 INFO [pool-7-thread-1] o.a.n.c.r.WriteAheadFlowFileRepository Successfully checkpointed FlowFile Repository with 0 records in 0 milliseconds
2023-03-09 21:57:17,068 INFO [pool-7-thread-1] o.a.n.c.r.WriteAheadFlowFileRepository Initiating checkpoint of FlowFile Repository
2023-03-09 21:57:17,068 INFO [pool-7-thread-1] o.a.n.c.r.WriteAheadFlowFileRepository Successfully checkpointed FlowFile Repository with 0 records in 0 milliseconds
2023-03-09 21:57:37,069 INFO [pool-7-thread-1] o.a.n.c.r.WriteAheadFlowFileRepository Initiating checkpoint of FlowFile Repository
2023-03-09 21:57:37,069 INFO [pool-7-thread-1] o.a.n.c.r.WriteAheadFlowFileRepository Successfully checkpointed FlowFile Repository with 0 records in 0 milliseconds
2023-03-09 21:57:54,120 INFO [Cleanup Archive for default] o.a.n.c.repository.FileSystemRepository Successfully deleted 0 files (0 bytes) from archive
2023-03-09 21:57:54,120 INFO [Cleanup Archive for default] o.a.n.c.repository.FileSystemRepository Archive cleanup completed for container default; will now allow writing to this container. Bytes used = 60.89 GB, bytes free = 945.96 GB, capacity = 1,006.85 GB
2023-03-09 21:57:57,069 INFO [pool-7-thread-1] o.a.n.c.r.WriteAheadFlowFileRepository Initiating checkpoint of FlowFile Repository
2023-03-09 21:57:57,069 INFO [pool-7-thread-1] o.a.n.c.r.WriteAheadFlowFileRepository Successfully checkpointed FlowFile Repository with 0 records in 0 milliseconds
2023-03-09 21:58:17,069 INFO [pool-7-thread-1] o.a.n.c.r.WriteAheadFlowFileRepository Initiating checkpoint of FlowFile Repository
2023-03-09 21:58:17,069 INFO [pool-7-thread-1] o.a.n.c.r.WriteAheadFlowFileRepository Successfully checkpointed FlowFile Repository with 0 records in 0 milliseconds
2023-03-09 21:58:37,069 INFO [pool-7-thread-1] o.a.n.c.r.WriteAheadFlowFileRepository Initiating checkpoint of FlowFile Repository
2023-03-09 21:58:37,080 INFO [pool-7-thread-1] o.a.n.c.r.WriteAheadFlowFileRepository Successfully checkpointed FlowFile Repository with 0 records in 0 milliseconds
2023-03-09 21:58:54,034 INFO [Write-Ahead Local State Provider Maintenance] org.wali.MinimalLockingWriteAheadLog org.wali.MinimalLockingWriteAheadLog@5ad13be4 checkpointed with 8 Records and 0 Swap Files in 196 milliseconds (Stop-the-world time = 130 milliseconds, Clear Edit Logs time = 0 millis), max Transaction ID 167
2023-03-09 21:58:54,892 INFO [Cleanup Archive for default] o.a.n.c.repository.FileSystemRepository Successfully deleted 0 files (0 bytes) from archive
2023-03-09 21:58:54,892 INFO [Cleanup Archive for default] o.a.n.c.repository.FileSystemRepository Archive cleanup completed for container default; will now allow writing to this container. Bytes used = 60.89 GB, bytes free = 945.96 GB, capacity = 1,006.85 GB
2023-03-09 21:58:57,080 INFO [pool-7-thread-1] o.a.n.c.r.WriteAheadFlowFileRepository Initiating checkpoint of FlowFile Repository
2023-03-09 21:58:57,080 INFO [pool-7-thread-1] o.a.n.c.r.WriteAheadFlowFileRepository Successfully checkpointed FlowFile Repository with 0 records in 0 milliseconds
2023-03-09 21:59:17,080 INFO [pool-7-thread-1] o.a.n.c.r.WriteAheadFlowFileRepository Initiating checkpoint of FlowFile Repository
2023-03-09 21:59:17,080 INFO [pool-7-thread-1] o.a.n.c.r.WriteAheadFlowFileRepository Successfully checkpointed FlowFile Repository with 0 records in 0 milliseconds
2023-03-09 21:59:37,080 INFO [pool-7-thread-1] o.a.n.c.r.WriteAheadFlowFileRepository Initiating checkpoint of FlowFile Repository
2023-03-09 21:59:37,091 INFO [pool-7-thread-1] o.a.n.c.r.WriteAheadFlowFileRepository Successfully checkpointed FlowFile Repository with 0 records in 0 milliseconds
2023-03-09 21:59:55,929 INFO [Cleanup Archive for default] o.a.n.c.repository.FileSystemRepository Successfully deleted 0 files (0 bytes) from archive
2023-03-09 21:59:55,929 INFO [Cleanup Archive for default] o.a.n.c.repository.FileSystemRepository Archive cleanup completed for container default; will now allow writing to this container. Bytes used = 60.89 GB, bytes free = 945.96 GB, capacity = 1,006.85 GB
2023-03-09 21:59:57,091 INFO [pool-7-thread-1] o.a.n.c.r.WriteAheadFlowFileRepository Initiating checkpoint of FlowFile Repository
2023-03-09 21:59:57,091 INFO [pool-7-thread-1] o.a.n.c.r.WriteAheadFlowFileRepository Successfully checkpointed FlowFile Repository with 0 records in 0 milliseconds
